This is pdfTeX, Version 3.14159265-2.6-1.40.20 (TeX Live 2019/Debian) (preloaded format=pdflatex 2021.10.21)  22 OCT 2021 22:57
entering extended mode
 restricted \write18 enabled.
 %&-line parsing enabled.
**main.tex
(./main.tex
LaTeX2e <2020-02-02> patch level 2
L3 programming layer <2020-02-14>
(/usr/share/texlive/texmf-dist/tex/latex/base/article.cls
Document Class: article 2019/12/20 v1.4l Standard LaTeX document class
(/usr/share/texlive/texmf-dist/tex/latex/base/size10.clo
File: size10.clo 2019/12/20 v1.4l Standard LaTeX file (size option)
)
\c@part=\count167
\c@section=\count168
\c@subsection=\count169
\c@subsubsection=\count170
\c@paragraph=\count171
\c@subparagraph=\count172
\c@figure=\count173
\c@table=\count174
\abovecaptionskip=\skip47
\belowcaptionskip=\skip48
\bibindent=\dimen134
)
(/usr/share/texlive/texmf-dist/tex/latex/base/inputenc.sty
Package: inputenc 2018/08/11 v1.3c Input encoding file
\inpenc@prehook=\toks14
\inpenc@posthook=\toks15
)
(/usr/share/texlive/texmf-dist/tex/latex/amsmath/amsmath.sty
Package: amsmath 2020/01/20 v2.17e AMS math features
\@mathmargin=\skip49

For additional information on amsmath, use the `?' option.
(/usr/share/texlive/texmf-dist/tex/latex/amsmath/amstext.sty
Package: amstext 2000/06/29 v2.01 AMS text

(/usr/share/texlive/texmf-dist/tex/latex/amsmath/amsgen.sty
File: amsgen.sty 1999/11/30 v2.0 generic functions
\@emptytoks=\toks16
\ex@=\dimen135
))
(/usr/share/texlive/texmf-dist/tex/latex/amsmath/amsbsy.sty
Package: amsbsy 1999/11/29 v1.2d Bold Symbols
\pmbraise@=\dimen136
)
(/usr/share/texlive/texmf-dist/tex/latex/amsmath/amsopn.sty
Package: amsopn 2016/03/08 v2.02 operator names
)
\inf@bad=\count175
LaTeX Info: Redefining \frac on input line 227.
\uproot@=\count176
\leftroot@=\count177
LaTeX Info: Redefining \overline on input line 389.
\classnum@=\count178
\DOTSCASE@=\count179
LaTeX Info: Redefining \ldots on input line 486.
LaTeX Info: Redefining \dots on input line 489.
LaTeX Info: Redefining \cdots on input line 610.
\Mathstrutbox@=\box45
\strutbox@=\box46
\big@size=\dimen137
LaTeX Font Info:    Redeclaring font encoding OML on input line 733.
LaTeX Font Info:    Redeclaring font encoding OMS on input line 734.
\macc@depth=\count180
\c@MaxMatrixCols=\count181
\dotsspace@=\muskip16
\c@parentequation=\count182
\dspbrk@lvl=\count183
\tag@help=\toks17
\row@=\count184
\column@=\count185
\maxfields@=\count186
\andhelp@=\toks18
\eqnshift@=\dimen138
\alignsep@=\dimen139
\tagshift@=\dimen140
\tagwidth@=\dimen141
\totwidth@=\dimen142
\lineht@=\dimen143
\@envbody=\toks19
\multlinegap=\skip50
\multlinetaggap=\skip51
\mathdisplay@stack=\toks20
LaTeX Info: Redefining \[ on input line 2859.
LaTeX Info: Redefining \] on input line 2860.
)
(/usr/share/texlive/texmf-dist/tex/latex/graphics/graphicx.sty
Package: graphicx 2019/11/30 v1.2a Enhanced LaTeX Graphics (DPC,SPQR)

(/usr/share/texlive/texmf-dist/tex/latex/graphics/keyval.sty
Package: keyval 2014/10/28 v1.15 key=value parser (DPC)
\KV@toks@=\toks21
)
(/usr/share/texlive/texmf-dist/tex/latex/graphics/graphics.sty
Package: graphics 2019/11/30 v1.4a Standard LaTeX Graphics (DPC,SPQR)

(/usr/share/texlive/texmf-dist/tex/latex/graphics/trig.sty
Package: trig 2016/01/03 v1.10 sin cos tan (DPC)
)
(/usr/share/texlive/texmf-dist/tex/latex/graphics-cfg/graphics.cfg
File: graphics.cfg 2016/06/04 v1.11 sample graphics configuration
)
Package graphics Info: Driver file: pdftex.def on input line 105.

(/usr/share/texlive/texmf-dist/tex/latex/graphics-def/pdftex.def
File: pdftex.def 2018/01/08 v1.0l Graphics/color driver for pdftex
))
\Gin@req@height=\dimen144
\Gin@req@width=\dimen145
)
(/usr/share/texlive/texmf-dist/tex/latex/biblatex/biblatex.sty
Package: biblatex 2019/12/01 v3.14 programmable bibliographies (PK/MW)

(/usr/share/texlive/texmf-dist/tex/latex/pdftexcmds/pdftexcmds.sty
Package: pdftexcmds 2019/11/24 v0.31 Utility functions of pdfTeX for LuaTeX (HO
)

(/usr/share/texlive/texmf-dist/tex/generic/infwarerr/infwarerr.sty
Package: infwarerr 2019/12/03 v1.5 Providing info/warning/error messages (HO)
)
(/usr/share/texlive/texmf-dist/tex/generic/iftex/iftex.sty
Package: iftex 2019/11/07 v1.0c TeX engine tests
)
(/usr/share/texlive/texmf-dist/tex/generic/ltxcmds/ltxcmds.sty
Package: ltxcmds 2019/12/15 v1.24 LaTeX kernel commands for general use (HO)
)
Package pdftexcmds Info: \pdf@primitive is available.
Package pdftexcmds Info: \pdf@ifprimitive is available.
Package pdftexcmds Info: \pdfdraftmode found.
)
(/usr/share/texlive/texmf-dist/tex/latex/etoolbox/etoolbox.sty
Package: etoolbox 2019/09/21 v2.5h e-TeX tools for LaTeX (JAW)
\etb@tempcnta=\count187
)
(/usr/share/texlive/texmf-dist/tex/latex/kvoptions/kvoptions.sty
Package: kvoptions 2019/11/29 v3.13 Key value format for package options (HO)

(/usr/share/texlive/texmf-dist/tex/generic/kvsetkeys/kvsetkeys.sty
Package: kvsetkeys 2019/12/15 v1.18 Key value parser (HO)
))
(/usr/share/texlive/texmf-dist/tex/latex/logreq/logreq.sty
Package: logreq 2010/08/04 v1.0 xml request logger
\lrq@indent=\count188

(/usr/share/texlive/texmf-dist/tex/latex/logreq/logreq.def
File: logreq.def 2010/08/04 v1.0 logreq spec v1.0
))
(/usr/share/texlive/texmf-dist/tex/latex/base/ifthen.sty
Package: ifthen 2014/09/29 v1.1c Standard LaTeX ifthen package (DPC)
)
(/usr/share/texlive/texmf-dist/tex/latex/url/url.sty
\Urlmuskip=\muskip17
Package: url 2013/09/16  ver 3.4  Verb mode for urls, etc.
)
\c@tabx@nest=\count189
\c@listtotal=\count190
\c@listcount=\count191
\c@liststart=\count192
\c@liststop=\count193
\c@citecount=\count194
\c@citetotal=\count195
\c@multicitecount=\count196
\c@multicitetotal=\count197
\c@instcount=\count198
\c@maxnames=\count199
\c@minnames=\count266
\c@maxitems=\count267
\c@minitems=\count268
\c@citecounter=\count269
\c@maxcitecounter=\count270
\c@savedcitecounter=\count271
\c@uniquelist=\count272
\c@uniquename=\count273
\c@refsection=\count274
\c@refsegment=\count275
\c@maxextratitle=\count276
\c@maxextratitleyear=\count277
\c@maxextraname=\count278
\c@maxextradate=\count279
\c@maxextraalpha=\count280
\c@abbrvpenalty=\count281
\c@highnamepenalty=\count282
\c@lownamepenalty=\count283
\c@maxparens=\count284
\c@parenlevel=\count285
\blx@tempcnta=\count286
\blx@tempcntb=\count287
\blx@tempcntc=\count288
\blx@maxsection=\count289
\blx@maxsegment@0=\count290
\blx@notetype=\count291
\blx@parenlevel@text=\count292
\blx@parenlevel@foot=\count293
\blx@sectionciteorder@0=\count294
\blx@entrysetcounter=\count295
\labelnumberwidth=\skip52
\labelalphawidth=\skip53
\biblabelsep=\skip54
\bibitemsep=\skip55
\bibnamesep=\skip56
\bibinitsep=\skip57
\bibparsep=\skip58
\bibhang=\skip59
\blx@bcfin=\read2
\blx@bcfout=\write3
\blx@langwohyphens=\language85
\c@mincomprange=\count296
\c@maxcomprange=\count297
\c@mincompwidth=\count298
Package biblatex Info: Trying to load biblatex default data model...
Package biblatex Info: ... file 'blx-dm.def' found.

(/usr/share/texlive/texmf-dist/tex/latex/biblatex/blx-dm.def
File: blx-dm.def 2019/12/01 v3.14 biblatex localization (PK/MW)
)
Package biblatex Info: Trying to load biblatex style data model...
Package biblatex Info: ... file 'alphabetic.dbx' not found.
Package biblatex Info: Trying to load biblatex custom data model...
Package biblatex Info: ... file 'biblatex-dm.cfg' not found.
\c@afterword=\count299
\c@savedafterword=\count300
\c@annotator=\count301
\c@savedannotator=\count302
\c@author=\count303
\c@savedauthor=\count304
\c@bookauthor=\count305
\c@savedbookauthor=\count306
\c@commentator=\count307
\c@savedcommentator=\count308
\c@editor=\count309
\c@savededitor=\count310
\c@editora=\count311
\c@savededitora=\count312
\c@editorb=\count313
\c@savededitorb=\count314
\c@editorc=\count315
\c@savededitorc=\count316
\c@foreword=\count317
\c@savedforeword=\count318
\c@holder=\count319
\c@savedholder=\count320
\c@introduction=\count321
\c@savedintroduction=\count322
\c@namea=\count323
\c@savednamea=\count324
\c@nameb=\count325
\c@savednameb=\count326
\c@namec=\count327
\c@savednamec=\count328
\c@translator=\count329
\c@savedtranslator=\count330
\c@shortauthor=\count331
\c@savedshortauthor=\count332
\c@shorteditor=\count333
\c@savedshorteditor=\count334
\c@labelname=\count335
\c@savedlabelname=\count336
\c@institution=\count337
\c@savedinstitution=\count338
\c@lista=\count339
\c@savedlista=\count340
\c@listb=\count341
\c@savedlistb=\count342
\c@listc=\count343
\c@savedlistc=\count344
\c@listd=\count345
\c@savedlistd=\count346
\c@liste=\count347
\c@savedliste=\count348
\c@listf=\count349
\c@savedlistf=\count350
\c@location=\count351
\c@savedlocation=\count352
\c@organization=\count353
\c@savedorganization=\count354
\c@origlocation=\count355
\c@savedoriglocation=\count356
\c@origpublisher=\count357
\c@savedorigpublisher=\count358
\c@publisher=\count359
\c@savedpublisher=\count360
\c@language=\count361
\c@savedlanguage=\count362
\c@origlanguage=\count363
\c@savedoriglanguage=\count364
\c@pageref=\count365
\c@savedpageref=\count366
\shorthandwidth=\skip60
\shortjournalwidth=\skip61
\shortserieswidth=\skip62
\shorttitlewidth=\skip63
\shortauthorwidth=\skip64
\shorteditorwidth=\skip65
\locallabelnumberwidth=\skip66
\locallabelalphawidth=\skip67
\localshorthandwidth=\skip68
\localshortjournalwidth=\skip69
\localshortserieswidth=\skip70
\localshorttitlewidth=\skip71
\localshortauthorwidth=\skip72
\localshorteditorwidth=\skip73
Package biblatex Info: Trying to load compatibility code...
Package biblatex Info: ... file 'blx-compat.def' found.

(/usr/share/texlive/texmf-dist/tex/latex/biblatex/blx-compat.def
File: blx-compat.def 2019/12/01 v3.14 biblatex compatibility (PK/MW)
)
Package biblatex Info: Trying to load generic definitions...
Package biblatex Info: ... file 'biblatex.def' found.

(/usr/share/texlive/texmf-dist/tex/latex/biblatex/biblatex.def
File: biblatex.def 2019/12/01 v3.14 biblatex compatibility (PK/MW)
\c@textcitecount=\count367
\c@textcitetotal=\count368
\c@textcitemaxnames=\count369
\c@biburlbigbreakpenalty=\count370
\c@biburlbreakpenalty=\count371
\c@biburlnumpenalty=\count372
\c@biburlucpenalty=\count373
\c@biburllcpenalty=\count374
\biburlbigskip=\muskip18
\biburlnumskip=\muskip19
\biburlucskip=\muskip20
\biburllcskip=\muskip21
\c@smartand=\count375
)
Package biblatex Info: Trying to load bibliography style 'alphabetic'...
Package biblatex Info: ... file 'alphabetic.bbx' found.

(/usr/share/texlive/texmf-dist/tex/latex/biblatex/bbx/alphabetic.bbx
File: alphabetic.bbx 2019/12/01 v3.14 biblatex bibliography style (PK/MW)
Package biblatex Info: Trying to load bibliography style 'standard'...
Package biblatex Info: ... file 'standard.bbx' found.

(/usr/share/texlive/texmf-dist/tex/latex/biblatex/bbx/standard.bbx
File: standard.bbx 2019/12/01 v3.14 biblatex bibliography style (PK/MW)
\c@bbx:relatedcount=\count376
\c@bbx:relatedtotal=\count377
))
Package biblatex Info: Trying to load citation style 'alphabetic'...
Package biblatex Info: ... file 'alphabetic.cbx' found.

(/usr/share/texlive/texmf-dist/tex/latex/biblatex/cbx/alphabetic.cbx
File: alphabetic.cbx 2019/12/01 v3.14 biblatex citation style (PK/MW)
Package biblatex Info: Redefining '\cite'.
Package biblatex Info: Redefining '\parencite'.
Package biblatex Info: Redefining '\footcite'.
Package biblatex Info: Redefining '\footcitetext'.
Package biblatex Info: Redefining '\smartcite'.
Package biblatex Info: Redefining '\textcite'.
Package biblatex Info: Redefining '\textcites'.
Package biblatex Info: Redefining '\cites'.
Package biblatex Info: Redefining '\parencites'.
Package biblatex Info: Redefining '\smartcites'.
)
Package biblatex Info: Trying to load configuration file...
Package biblatex Info: ... file 'biblatex.cfg' found.

(/usr/share/texlive/texmf-dist/tex/latex/biblatex/biblatex.cfg
File: biblatex.cfg 
))
(./Other/gantt.sty

LaTeX Warning: You have requested package `Other/gantt',
               but the package provides `gantt'.

Package: gantt 2011/03/20 Some macros for drawing gantt diagrams using tkiz v.1
.3
(/usr/share/texlive/texmf-dist/tex/latex/pgf/frontendlayer/tikz.sty
(/usr/share/texlive/texmf-dist/tex/latex/pgf/basiclayer/pgf.sty
(/usr/share/texlive/texmf-dist/tex/latex/pgf/utilities/pgfrcs.sty
(/usr/share/texlive/texmf-dist/tex/generic/pgf/utilities/pgfutil-common.tex
\pgfutil@everybye=\toks22
\pgfutil@tempdima=\dimen146
\pgfutil@tempdimb=\dimen147

(/usr/share/texlive/texmf-dist/tex/generic/pgf/utilities/pgfutil-common-lists.t
ex)) (/usr/share/texlive/texmf-dist/tex/generic/pgf/utilities/pgfutil-latex.def
\pgfutil@abb=\box47
(/usr/share/texlive/texmf-dist/tex/latex/ms/everyshi.sty
Package: everyshi 2001/05/15 v3.00 EveryShipout Package (MS)
))
(/usr/share/texlive/texmf-dist/tex/generic/pgf/utilities/pgfrcs.code.tex
(/usr/share/texlive/texmf-dist/tex/generic/pgf/pgf.revision.tex)
Package: pgfrcs 2020/01/08 v3.1.5b (3.1.5b)
))
Package: pgf 2020/01/08 v3.1.5b (3.1.5b)

(/usr/share/texlive/texmf-dist/tex/latex/pgf/basiclayer/pgfcore.sty
(/usr/share/texlive/texmf-dist/tex/latex/pgf/systemlayer/pgfsys.sty
(/usr/share/texlive/texmf-dist/tex/generic/pgf/systemlayer/pgfsys.code.tex
Package: pgfsys 2020/01/08 v3.1.5b (3.1.5b)

(/usr/share/texlive/texmf-dist/tex/generic/pgf/utilities/pgfkeys.code.tex
\pgfkeys@pathtoks=\toks23
\pgfkeys@temptoks=\toks24

(/usr/share/texlive/texmf-dist/tex/generic/pgf/utilities/pgfkeysfiltered.code.t
ex
\pgfkeys@tmptoks=\toks25
))
\pgf@x=\dimen148
\pgf@y=\dimen149
\pgf@xa=\dimen150
\pgf@ya=\dimen151
\pgf@xb=\dimen152
\pgf@yb=\dimen153
\pgf@xc=\dimen154
\pgf@yc=\dimen155
\pgf@xd=\dimen156
\pgf@yd=\dimen157
\w@pgf@writea=\write4
\r@pgf@reada=\read3
\c@pgf@counta=\count378
\c@pgf@countb=\count379
\c@pgf@countc=\count380
\c@pgf@countd=\count381
\t@pgf@toka=\toks26
\t@pgf@tokb=\toks27
\t@pgf@tokc=\toks28
\pgf@sys@id@count=\count382
 (/usr/share/texlive/texmf-dist/tex/generic/pgf/systemlayer/pgf.cfg
File: pgf.cfg 2020/01/08 v3.1.5b (3.1.5b)
)
Driver file for pgf: pgfsys-pdftex.def

(/usr/share/texlive/texmf-dist/tex/generic/pgf/systemlayer/pgfsys-pdftex.def
File: pgfsys-pdftex.def 2020/01/08 v3.1.5b (3.1.5b)

(/usr/share/texlive/texmf-dist/tex/generic/pgf/systemlayer/pgfsys-common-pdf.de
f
File: pgfsys-common-pdf.def 2020/01/08 v3.1.5b (3.1.5b)
)))
(/usr/share/texlive/texmf-dist/tex/generic/pgf/systemlayer/pgfsyssoftpath.code.
tex
File: pgfsyssoftpath.code.tex 2020/01/08 v3.1.5b (3.1.5b)
\pgfsyssoftpath@smallbuffer@items=\count383
\pgfsyssoftpath@bigbuffer@items=\count384
)
(/usr/share/texlive/texmf-dist/tex/generic/pgf/systemlayer/pgfsysprotocol.code.
tex
File: pgfsysprotocol.code.tex 2020/01/08 v3.1.5b (3.1.5b)
)) (/usr/share/texlive/texmf-dist/tex/latex/xcolor/xcolor.sty
Package: xcolor 2016/05/11 v2.12 LaTeX color extensions (UK)

(/usr/share/texlive/texmf-dist/tex/latex/graphics-cfg/color.cfg
File: color.cfg 2016/01/02 v1.6 sample color configuration
)
Package xcolor Info: Driver file: pdftex.def on input line 225.
Package xcolor Info: Model `cmy' substituted by `cmy0' on input line 1348.
Package xcolor Info: Model `hsb' substituted by `rgb' on input line 1352.
Package xcolor Info: Model `RGB' extended on input line 1364.
Package xcolor Info: Model `HTML' substituted by `rgb' on input line 1366.
Package xcolor Info: Model `Hsb' substituted by `hsb' on input line 1367.
Package xcolor Info: Model `tHsb' substituted by `hsb' on input line 1368.
Package xcolor Info: Model `HSB' substituted by `hsb' on input line 1369.
Package xcolor Info: Model `Gray' substituted by `gray' on input line 1370.
Package xcolor Info: Model `wave' substituted by `hsb' on input line 1371.
)
(/usr/share/texlive/texmf-dist/tex/generic/pgf/basiclayer/pgfcore.code.tex
Package: pgfcore 2020/01/08 v3.1.5b (3.1.5b)

(/usr/share/texlive/texmf-dist/tex/generic/pgf/math/pgfmath.code.tex
(/usr/share/texlive/texmf-dist/tex/generic/pgf/math/pgfmathcalc.code.tex
(/usr/share/texlive/texmf-dist/tex/generic/pgf/math/pgfmathutil.code.tex)
(/usr/share/texlive/texmf-dist/tex/generic/pgf/math/pgfmathparser.code.tex
\pgfmath@dimen=\dimen158
\pgfmath@count=\count385
\pgfmath@box=\box48
\pgfmath@toks=\toks29
\pgfmath@stack@operand=\toks30
\pgfmath@stack@operation=\toks31
)
(/usr/share/texlive/texmf-dist/tex/generic/pgf/math/pgfmathfunctions.code.tex
(/usr/share/texlive/texmf-dist/tex/generic/pgf/math/pgfmathfunctions.basic.code
.tex)
(/usr/share/texlive/texmf-dist/tex/generic/pgf/math/pgfmathfunctions.trigonomet
ric.code.tex)
(/usr/share/texlive/texmf-dist/tex/generic/pgf/math/pgfmathfunctions.random.cod
e.tex)
(/usr/share/texlive/texmf-dist/tex/generic/pgf/math/pgfmathfunctions.comparison
.code.tex)
(/usr/share/texlive/texmf-dist/tex/generic/pgf/math/pgfmathfunctions.base.code.
tex)
(/usr/share/texlive/texmf-dist/tex/generic/pgf/math/pgfmathfunctions.round.code
.tex)
(/usr/share/texlive/texmf-dist/tex/generic/pgf/math/pgfmathfunctions.misc.code.
tex)
(/usr/share/texlive/texmf-dist/tex/generic/pgf/math/pgfmathfunctions.integerari
thmetics.code.tex)))
(/usr/share/texlive/texmf-dist/tex/generic/pgf/math/pgfmathfloat.code.tex
\c@pgfmathroundto@lastzeros=\count386
))
(/usr/share/texlive/texmf-dist/tex/generic/pgf/math/pgfint.code.tex)
(/usr/share/texlive/texmf-dist/tex/generic/pgf/basiclayer/pgfcorepoints.code.te
x
File: pgfcorepoints.code.tex 2020/01/08 v3.1.5b (3.1.5b)
\pgf@picminx=\dimen159
\pgf@picmaxx=\dimen160
\pgf@picminy=\dimen161
\pgf@picmaxy=\dimen162
\pgf@pathminx=\dimen163
\pgf@pathmaxx=\dimen164
\pgf@pathminy=\dimen165
\pgf@pathmaxy=\dimen166
\pgf@xx=\dimen167
\pgf@xy=\dimen168
\pgf@yx=\dimen169
\pgf@yy=\dimen170
\pgf@zx=\dimen171
\pgf@zy=\dimen172
)
(/usr/share/texlive/texmf-dist/tex/generic/pgf/basiclayer/pgfcorepathconstruct.
code.tex
File: pgfcorepathconstruct.code.tex 2020/01/08 v3.1.5b (3.1.5b)
\pgf@path@lastx=\dimen173
\pgf@path@lasty=\dimen174
)
(/usr/share/texlive/texmf-dist/tex/generic/pgf/basiclayer/pgfcorepathusage.code
.tex
File: pgfcorepathusage.code.tex 2020/01/08 v3.1.5b (3.1.5b)
\pgf@shorten@end@additional=\dimen175
\pgf@shorten@start@additional=\dimen176
)
(/usr/share/texlive/texmf-dist/tex/generic/pgf/basiclayer/pgfcorescopes.code.te
x
File: pgfcorescopes.code.tex 2020/01/08 v3.1.5b (3.1.5b)
\pgfpic=\box49
\pgf@hbox=\box50
\pgf@layerbox@main=\box51
\pgf@picture@serial@count=\count387
)
(/usr/share/texlive/texmf-dist/tex/generic/pgf/basiclayer/pgfcoregraphicstate.c
ode.tex
File: pgfcoregraphicstate.code.tex 2020/01/08 v3.1.5b (3.1.5b)
\pgflinewidth=\dimen177
)
(/usr/share/texlive/texmf-dist/tex/generic/pgf/basiclayer/pgfcoretransformation
s.code.tex
File: pgfcoretransformations.code.tex 2020/01/08 v3.1.5b (3.1.5b)
\pgf@pt@x=\dimen178
\pgf@pt@y=\dimen179
\pgf@pt@temp=\dimen180
)
(/usr/share/texlive/texmf-dist/tex/generic/pgf/basiclayer/pgfcorequick.code.tex
File: pgfcorequick.code.tex 2020/01/08 v3.1.5b (3.1.5b)
)
(/usr/share/texlive/texmf-dist/tex/generic/pgf/basiclayer/pgfcoreobjects.code.t
ex
File: pgfcoreobjects.code.tex 2020/01/08 v3.1.5b (3.1.5b)
)
(/usr/share/texlive/texmf-dist/tex/generic/pgf/basiclayer/pgfcorepathprocessing
.code.tex
File: pgfcorepathprocessing.code.tex 2020/01/08 v3.1.5b (3.1.5b)
)
(/usr/share/texlive/texmf-dist/tex/generic/pgf/basiclayer/pgfcorearrows.code.te
x
File: pgfcorearrows.code.tex 2020/01/08 v3.1.5b (3.1.5b)
\pgfarrowsep=\dimen181
)
(/usr/share/texlive/texmf-dist/tex/generic/pgf/basiclayer/pgfcoreshade.code.tex
File: pgfcoreshade.code.tex 2020/01/08 v3.1.5b (3.1.5b)
\pgf@max=\dimen182
\pgf@sys@shading@range@num=\count388
\pgf@shadingcount=\count389
)
(/usr/share/texlive/texmf-dist/tex/generic/pgf/basiclayer/pgfcoreimage.code.tex
File: pgfcoreimage.code.tex 2020/01/08 v3.1.5b (3.1.5b)

(/usr/share/texlive/texmf-dist/tex/generic/pgf/basiclayer/pgfcoreexternal.code.
tex
File: pgfcoreexternal.code.tex 2020/01/08 v3.1.5b (3.1.5b)
\pgfexternal@startupbox=\box52
))
(/usr/share/texlive/texmf-dist/tex/generic/pgf/basiclayer/pgfcorelayers.code.te
x
File: pgfcorelayers.code.tex 2020/01/08 v3.1.5b (3.1.5b)
)
(/usr/share/texlive/texmf-dist/tex/generic/pgf/basiclayer/pgfcoretransparency.c
ode.tex
File: pgfcoretransparency.code.tex 2020/01/08 v3.1.5b (3.1.5b)
)
(/usr/share/texlive/texmf-dist/tex/generic/pgf/basiclayer/pgfcorepatterns.code.
tex
File: pgfcorepatterns.code.tex 2020/01/08 v3.1.5b (3.1.5b)
)
(/usr/share/texlive/texmf-dist/tex/generic/pgf/basiclayer/pgfcorerdf.code.tex
File: pgfcorerdf.code.tex 2020/01/08 v3.1.5b (3.1.5b)
)))
(/usr/share/texlive/texmf-dist/tex/generic/pgf/modules/pgfmoduleshapes.code.tex
File: pgfmoduleshapes.code.tex 2020/01/08 v3.1.5b (3.1.5b)
\pgfnodeparttextbox=\box53
) (/usr/share/texlive/texmf-dist/tex/generic/pgf/modules/pgfmoduleplot.code.tex
File: pgfmoduleplot.code.tex 2020/01/08 v3.1.5b (3.1.5b)
)
(/usr/share/texlive/texmf-dist/tex/latex/pgf/compatibility/pgfcomp-version-0-65
.sty
Package: pgfcomp-version-0-65 2020/01/08 v3.1.5b (3.1.5b)
\pgf@nodesepstart=\dimen183
\pgf@nodesepend=\dimen184
)
(/usr/share/texlive/texmf-dist/tex/latex/pgf/compatibility/pgfcomp-version-1-18
.sty
Package: pgfcomp-version-1-18 2020/01/08 v3.1.5b (3.1.5b)
)) (/usr/share/texlive/texmf-dist/tex/latex/pgf/utilities/pgffor.sty
(/usr/share/texlive/texmf-dist/tex/latex/pgf/utilities/pgfkeys.sty
(/usr/share/texlive/texmf-dist/tex/generic/pgf/utilities/pgfkeys.code.tex))
(/usr/share/texlive/texmf-dist/tex/latex/pgf/math/pgfmath.sty
(/usr/share/texlive/texmf-dist/tex/generic/pgf/math/pgfmath.code.tex))
(/usr/share/texlive/texmf-dist/tex/generic/pgf/utilities/pgffor.code.tex
Package: pgffor 2020/01/08 v3.1.5b (3.1.5b)

(/usr/share/texlive/texmf-dist/tex/generic/pgf/math/pgfmath.code.tex)
\pgffor@iter=\dimen185
\pgffor@skip=\dimen186
\pgffor@stack=\toks32
\pgffor@toks=\toks33
))
(/usr/share/texlive/texmf-dist/tex/generic/pgf/frontendlayer/tikz/tikz.code.tex
Package: tikz 2020/01/08 v3.1.5b (3.1.5b)

(/usr/share/texlive/texmf-dist/tex/generic/pgf/libraries/pgflibraryplothandlers
.code.tex
File: pgflibraryplothandlers.code.tex 2020/01/08 v3.1.5b (3.1.5b)
\pgf@plot@mark@count=\count390
\pgfplotmarksize=\dimen187
)
\tikz@lastx=\dimen188
\tikz@lasty=\dimen189
\tikz@lastxsaved=\dimen190
\tikz@lastysaved=\dimen191
\tikz@lastmovetox=\dimen192
\tikz@lastmovetoy=\dimen193
\tikzleveldistance=\dimen194
\tikzsiblingdistance=\dimen195
\tikz@figbox=\box54
\tikz@figbox@bg=\box55
\tikz@tempbox=\box56
\tikz@tempbox@bg=\box57
\tikztreelevel=\count391
\tikznumberofchildren=\count392
\tikznumberofcurrentchild=\count393
\tikz@fig@count=\count394

(/usr/share/texlive/texmf-dist/tex/generic/pgf/modules/pgfmodulematrix.code.tex
File: pgfmodulematrix.code.tex 2020/01/08 v3.1.5b (3.1.5b)
\pgfmatrixcurrentrow=\count395
\pgfmatrixcurrentcolumn=\count396
\pgf@matrix@numberofcolumns=\count397
)
\tikz@expandcount=\count398

(/usr/share/texlive/texmf-dist/tex/generic/pgf/frontendlayer/tikz/libraries/tik
zlibrarytopaths.code.tex
File: tikzlibrarytopaths.code.tex 2020/01/08 v3.1.5b (3.1.5b)
)))
(/usr/share/texlive/texmf-dist/tex/latex/xkeyval/xkeyval.sty
Package: xkeyval 2014/12/03 v2.7a package option processing (HA)

(/usr/share/texlive/texmf-dist/tex/generic/xkeyval/xkeyval.tex
(/usr/share/texlive/texmf-dist/tex/generic/xkeyval/xkvutils.tex
\XKV@toks=\toks34
\XKV@tempa@toks=\toks35
)
\XKV@depth=\count399
File: xkeyval.tex 2014/12/03 v2.7a key=value parser (HA)
))
(/usr/share/texlive/texmf-dist/tex/latex/tools/calc.sty
Package: calc 2017/05/25 v4.3 Infix arithmetic (KKT,FJ)
\calc@Acount=\count400
\calc@Bcount=\count401
\calc@Adimen=\dimen196
\calc@Bdimen=\dimen197
\calc@Askip=\skip74
\calc@Bskip=\skip75
LaTeX Info: Redefining \setlength on input line 80.
LaTeX Info: Redefining \addtolength on input line 81.
\calc@Ccount=\count402
\calc@Cskip=\skip76
)
(/usr/share/texlive/texmf-dist/tex/latex/forloop/forloop.sty
Package: forloop 2006/09/18 v3.0 For Loops for LaTeX
)
(/usr/share/texlive/texmf-dist/tex/generic/pgf/frontendlayer/tikz/libraries/tik
zlibrarypatterns.code.tex
File: tikzlibrarypatterns.code.tex 2020/01/08 v3.1.5b (3.1.5b)

(/usr/share/texlive/texmf-dist/tex/generic/pgf/libraries/pgflibrarypatterns.cod
e.tex
File: pgflibrarypatterns.code.tex 2020/01/08 v3.1.5b (3.1.5b)
))
(/usr/share/texlive/texmf-dist/tex/generic/pgf/frontendlayer/tikz/libraries/tik
zlibraryarrows.code.tex
File: tikzlibraryarrows.code.tex 2020/01/08 v3.1.5b (3.1.5b)

(/usr/share/texlive/texmf-dist/tex/generic/pgf/libraries/pgflibraryarrows.code.
tex
File: pgflibraryarrows.code.tex 2020/01/08 v3.1.5b (3.1.5b)
\arrowsize=\dimen198
))
\c@ganttnum=\count403
\c@ganttwidth=\count404
\ganttlastx=\skip77
\nextganttlastx=\skip78
\gantttmpa=\skip79
\gantttmpb=\skip80
\ganttunitlength=\skip81
\titleunitlength=\skip82
\c@gantttitlenum=\count405
\pgf@layerbox@background=\box58
\pgf@layerboxsaved@background=\box59
\pgf@layerbox@foreground=\box60
\pgf@layerboxsaved@foreground=\box61
) (/usr/share/texlive/texmf-dist/tex/latex/float/float.sty
Package: float 2001/11/08 v1.3d Float enhancements (AL)
\c@float@type=\count406
\float@exts=\toks36
\float@box=\box62
\@float@everytoks=\toks37
\@floatcapt=\box63
)
(/usr/share/texlive/texmf-dist/tex/latex/tools/longtable.sty
Package: longtable 2020/01/07 v4.13 Multi-page Table package (DPC)
\LTleft=\skip83
\LTright=\skip84
\LTpre=\skip85
\LTpost=\skip86
\LTchunksize=\count407
\LTcapwidth=\dimen199
\LT@head=\box64
\LT@firsthead=\box65
\LT@foot=\box66
\LT@lastfoot=\box67
\LT@cols=\count408
\LT@rows=\count409
\c@LT@tables=\count410
\c@LT@chunks=\count411
\LT@p@ftn=\toks38
)
(/usr/share/texlive/texmf-dist/tex/latex/hyperref/hyperref.sty
Package: hyperref 2020/01/14 v7.00d Hypertext links for LaTeX

(/usr/share/texlive/texmf-dist/tex/generic/kvdefinekeys/kvdefinekeys.sty
Package: kvdefinekeys 2019-12-19 v1.6 Define keys (HO)
)
(/usr/share/texlive/texmf-dist/tex/generic/pdfescape/pdfescape.sty
Package: pdfescape 2019/12/09 v1.15 Implements pdfTeX's escape features (HO)
)
(/usr/share/texlive/texmf-dist/tex/latex/hycolor/hycolor.sty
Package: hycolor 2020-01-27 v1.10 Color options for hyperref/bookmark (HO)
)
(/usr/share/texlive/texmf-dist/tex/latex/letltxmacro/letltxmacro.sty
Package: letltxmacro 2019/12/03 v1.6 Let assignment for LaTeX macros (HO)
)
(/usr/share/texlive/texmf-dist/tex/latex/auxhook/auxhook.sty
Package: auxhook 2019-12-17 v1.6 Hooks for auxiliary files (HO)
)
\@linkdim=\dimen256
\Hy@linkcounter=\count412
\Hy@pagecounter=\count413

(/usr/share/texlive/texmf-dist/tex/latex/hyperref/pd1enc.def
File: pd1enc.def 2020/01/14 v7.00d Hyperref: PDFDocEncoding definition (HO)
Now handling font encoding PD1 ...
... no UTF-8 mapping file for font encoding PD1
)
(/usr/share/texlive/texmf-dist/tex/generic/intcalc/intcalc.sty
Package: intcalc 2019/12/15 v1.3 Expandable calculations with integers (HO)
)
(/usr/share/texlive/texmf-dist/tex/generic/etexcmds/etexcmds.sty
Package: etexcmds 2019/12/15 v1.7 Avoid name clashes with e-TeX commands (HO)
)
\Hy@SavedSpaceFactor=\count414
\pdfmajorversion=\count415
Package hyperref Info: Hyper figures OFF on input line 4547.
Package hyperref Info: Link nesting OFF on input line 4552.
Package hyperref Info: Hyper index ON on input line 4555.
Package hyperref Info: Plain pages OFF on input line 4562.
Package hyperref Info: Backreferencing OFF on input line 4567.
Package hyperref Info: Implicit mode ON; LaTeX internals redefined.
Package hyperref Info: Bookmarks ON on input line 4800.
\c@Hy@tempcnt=\count416
LaTeX Info: Redefining \url on input line 5159.
\XeTeXLinkMargin=\dimen257

(/usr/share/texlive/texmf-dist/tex/generic/bitset/bitset.sty
Package: bitset 2019/12/09 v1.3 Handle bit-vector datatype (HO)

(/usr/share/texlive/texmf-dist/tex/generic/bigintcalc/bigintcalc.sty
Package: bigintcalc 2019/12/15 v1.5 Expandable calculations on big integers (HO
)
))
\Fld@menulength=\count417
\Field@Width=\dimen258
\Fld@charsize=\dimen259
Package hyperref Info: Hyper figures OFF on input line 6430.
Package hyperref Info: Link nesting OFF on input line 6435.
Package hyperref Info: Hyper index ON on input line 6438.
Package hyperref Info: backreferencing OFF on input line 6445.
Package hyperref Info: Link coloring OFF on input line 6450.
Package hyperref Info: Link coloring with OCG OFF on input line 6455.
Package hyperref Info: PDF/A mode OFF on input line 6460.
LaTeX Info: Redefining \ref on input line 6500.
LaTeX Info: Redefining \pageref on input line 6504.

(/usr/share/texlive/texmf-dist/tex/generic/atbegshi/atbegshi.sty
Package: atbegshi 2019/12/05 v1.19 At begin shipout hook (HO)
)
\Hy@abspage=\count418
\c@Item=\count419
\c@Hfootnote=\count420
)
Package hyperref Info: Driver (autodetected): hpdftex.

(/usr/share/texlive/texmf-dist/tex/latex/hyperref/hpdftex.def
File: hpdftex.def 2020/01/14 v7.00d Hyperref driver for pdfTeX

(/usr/share/texlive/texmf-dist/tex/latex/atveryend/atveryend.sty
Package: atveryend 2019-12-11 v1.11 Hooks at the very end of document (HO)
)
\Fld@listcount=\count421
\c@bookmark@seq@number=\count422

(/usr/share/texlive/texmf-dist/tex/latex/rerunfilecheck/rerunfilecheck.sty
Package: rerunfilecheck 2019/12/05 v1.9 Rerun checks for auxiliary files (HO)

(/usr/share/texlive/texmf-dist/tex/generic/uniquecounter/uniquecounter.sty
Package: uniquecounter 2019/12/15 v1.4 Provide unlimited unique counter (HO)
)
Package uniquecounter Info: New unique counter `rerunfilecheck' on input line 2
86.
)
\Hy@SectionHShift=\skip87
)
(/usr/share/texlive/texmf-dist/tex/latex/siunitx/siunitx.sty
(/usr/share/texlive/texmf-dist/tex/latex/l3kernel/expl3.sty
Package: expl3 2020-02-14 L3 programming layer (loader) 

(/usr/share/texlive/texmf-dist/tex/latex/l3backend/l3backend-pdfmode.def
File: l3backend-pdfmode.def 2020-02-03 L3 backend support: PDF mode
\l__kernel_color_stack_int=\count423
\l__pdf_internal_box=\box68
))
(/usr/share/texlive/texmf-dist/tex/latex/l3packages/xparse/xparse.sty
Package: xparse 2020-02-14 L3 Experimental document command parser
\l__xparse_current_arg_int=\count424
\g__xparse_grabber_int=\count425
\l__xparse_m_args_int=\count426
\l__xparse_v_nesting_int=\count427
)
Package: siunitx 2020/01/15 v2.7u A comprehensive (SI) units package

(/usr/share/texlive/texmf-dist/tex/latex/tools/array.sty
Package: array 2019/08/31 v2.4l Tabular extension package (FMi)
\col@sep=\dimen260
\ar@mcellbox=\box69
\extrarowheight=\dimen261
\NC@list=\toks39
\extratabsurround=\skip88
\backup@length=\skip89
\ar@cellbox=\box70
)
(/usr/share/texlive/texmf-dist/tex/latex/l3packages/l3keys2e/l3keys2e.sty
Package: l3keys2e 2020-02-14 LaTeX2e option processing using LaTeX3 keys
)
\l__siunitx_tmp_box=\box71
\l__siunitx_tmp_dim=\dimen262
\l__siunitx_tmp_int=\count428
\l__siunitx_number_mantissa_length_int=\count429
\l__siunitx_number_uncert_length_int=\count430
\l__siunitx_round_int=\count431
\l__siunitx_process_decimal_int=\count432
\l__siunitx_process_uncertainty_int=\count433
\l__siunitx_process_fixed_int=\count434
\l__siunitx_process_integer_min_int=\count435
\l__siunitx_process_precision_int=\count436
\l__siunitx_group_min_int=\count437
\l__siunitx_angle_marker_box=\box72
\l__siunitx_angle_unit_box=\box73
\l__siunitx_angle_marker_dim=\dimen263
\l__siunitx_angle_unit_dim=\dimen264
\l__siunitx_unit_int=\count438
\l__siunitx_unit_denominator_int=\count439
\l__siunitx_unit_numerator_int=\count440
\l__siunitx_unit_prefix_int=\count441
\l__siunitx_unit_prefix_base_int=\count442
\l__siunitx_unit_prefix_gram_int=\count443
\l__siunitx_number_product_int=\count444
\c__siunitx_one_fill_skip=\skip90
\l__siunitx_table_unit_align_skip=\skip91
\l__siunitx_table_exponent_dim=\dimen265
\l__siunitx_table_integer_dim=\dimen266
\l__siunitx_table_mantissa_dim=\dimen267
\l__siunitx_table_marker_dim=\dimen268
\l__siunitx_table_result_dim=\dimen269
\l__siunitx_table_uncert_dim=\dimen270
\l__siunitx_table_fill_pre_dim=\dimen271
\l__siunitx_table_fill_post_dim=\dimen272
\l__siunitx_table_fill_mid_dim=\dimen273
\l__siunitx_table_pre_box=\box74
\l__siunitx_table_post_box=\box75
\l__siunitx_table_mantissa_box=\box76
\l__siunitx_table_result_box=\box77
\l__siunitx_table_number_align_skip=\skip92
\l__siunitx_table_text_align_skip=\skip93

(/usr/share/texlive/texmf-dist/tex/latex/translator/translator.sty
Package: translator 2019-05-31 v1.12a Easy translation of strings in LaTeX
))
(/usr/share/texlive/texmf-dist/tex/latex/caption/caption.sty
Package: caption 2020/01/03 v3.4h Customizing captions (AR)

(/usr/share/texlive/texmf-dist/tex/latex/caption/caption3.sty
Package: caption3 2020/01/03 v1.8h caption3 kernel (AR)
Package caption3 Info: TeX engine: e-TeX on input line 61.
\captionmargin=\dimen274
\captionmargin@=\dimen275
\captionwidth=\dimen276
\caption@tempdima=\dimen277
\caption@indent=\dimen278
\caption@parindent=\dimen279
\caption@hangindent=\dimen280
Package caption Info: Standard document class detected.
)
\c@caption@flags=\count445
\c@continuedfloat=\count446
Package caption Info: float package is loaded.
Package caption Info: hyperref package is loaded.
Package caption Info: longtable package is loaded.

(/usr/share/texlive/texmf-dist/tex/latex/caption/ltcaption.sty
Package: ltcaption 2018/08/26 v1.4a longtable captions (AR)
))
(/usr/share/texlive/texmf-dist/tex/latex/caption/subcaption.sty
Package: subcaption 2020/01/22 v1.3d Sub-captions (AR)
\c@subfigure=\count447
\c@subtable=\count448
)
\@quotelevel=\count449
\@quotereset=\count450
 (./main.aux

LaTeX Warning: Label `fig:hf_conf_mat' multiply defined.


LaTeX Warning: Label `sub@fig:hf_conf_mat' multiply defined.


LaTeX Warning: Label `fig:hf_roc' multiply defined.


LaTeX Warning: Label `sub@fig:hf_roc' multiply defined.


LaTeX Warning: Label `fig:hf_conf_mat' multiply defined.


LaTeX Warning: Label `sub@fig:hf_conf_mat' multiply defined.


LaTeX Warning: Label `fig:hf_roc' multiply defined.


LaTeX Warning: Label `sub@fig:hf_roc' multiply defined.


LaTeX Warning: Label `fig:LV_dens' multiply defined.


LaTeX Warning: Label `sub@fig:LV_dens' multiply defined.

)
\openout1 = `main.aux'.

LaTeX Font Info:    Checking defaults for OML/cmm/m/it on input line 22.
LaTeX Font Info:    ... okay on input line 22.
LaTeX Font Info:    Checking defaults for OMS/cmsy/m/n on input line 22.
LaTeX Font Info:    ... okay on input line 22.
LaTeX Font Info:    Checking defaults for OT1/cmr/m/n on input line 22.
LaTeX Font Info:    ... okay on input line 22.
LaTeX Font Info:    Checking defaults for T1/cmr/m/n on input line 22.
LaTeX Font Info:    ... okay on input line 22.
LaTeX Font Info:    Checking defaults for TS1/cmr/m/n on input line 22.
LaTeX Font Info:    ... okay on input line 22.
LaTeX Font Info:    Checking defaults for OMX/cmex/m/n on input line 22.
LaTeX Font Info:    ... okay on input line 22.
LaTeX Font Info:    Checking defaults for U/cmr/m/n on input line 22.
LaTeX Font Info:    ... okay on input line 22.
LaTeX Font Info:    Checking defaults for PD1/pdf/m/n on input line 22.
LaTeX Font Info:    ... okay on input line 22.
 (/usr/share/texlive/texmf-dist/tex/context/base/mkii/supp-pdf.mkii
[Loading MPS to PDF converter (version 2006.09.02).]
\scratchcounter=\count451
\scratchdimen=\dimen281
\scratchbox=\box78
\nofMPsegments=\count452
\nofMParguments=\count453
\everyMPshowfont=\toks40
\MPscratchCnt=\count454
\MPscratchDim=\dimen282
\MPnumerator=\count455
\makeMPintoPDFobject=\count456
\everyMPtoPDFconversion=\toks41
) (/usr/share/texlive/texmf-dist/tex/latex/epstopdf-pkg/epstopdf-base.sty
Package: epstopdf-base 2020-01-24 v2.11 Base part for package epstopdf
Package epstopdf-base Info: Redefining graphics rule for `.eps' on input line 4
85.

(/usr/share/texlive/texmf-dist/tex/latex/latexconfig/epstopdf-sys.cfg
File: epstopdf-sys.cfg 2010/07/13 v1.3 Configuration of (r)epstopdf for TeX Liv
e
))
Package biblatex Info: Trying to load language 'english'...
Package biblatex Info: ... file 'english.lbx' found.

(/usr/share/texlive/texmf-dist/tex/latex/biblatex/lbx/english.lbx
File: english.lbx 2019/12/01 v3.14 biblatex localization (PK/MW)
)
Package biblatex Info: Input encoding 'utf8' detected.
Package biblatex Info: Automatic encoding selection.
(biblatex)             Assuming data encoding 'utf8'.
\openout3 = `main.bcf'.

Package biblatex Info: Trying to load bibliographic data...
Package biblatex Info: ... file 'main.bbl' not found.

No file main.bbl.
Package biblatex Info: Reference section=0 on input line 22.
Package biblatex Info: Reference segment=0 on input line 22.
ABD: EveryShipout initializing macros
\AtBeginShipoutBox=\box79
Package hyperref Info: Link coloring OFF on input line 22.

(/usr/share/texlive/texmf-dist/tex/latex/hyperref/nameref.sty
Package: nameref 2019/09/16 v2.46 Cross-referencing by name of section

(/usr/share/texlive/texmf-dist/tex/latex/refcount/refcount.sty
Package: refcount 2019/12/15 v3.6 Data extraction from label references (HO)
)
(/usr/share/texlive/texmf-dist/tex/generic/gettitlestring/gettitlestring.sty
Package: gettitlestring 2019/12/15 v1.6 Cleanup title references (HO)
)
\c@section@level=\count457
)
LaTeX Info: Redefining \ref on input line 22.
LaTeX Info: Redefining \pageref on input line 22.
LaTeX Info: Redefining \nameref on input line 22.

(./main.out) (./main.out)
\@outlinefile=\write5
\openout5 = `main.out'.


(/usr/share/texlive/texmf-dist/tex/latex/translator/translator-basic-dictionary
-English.dict
Dictionary: translator-basic-dictionary, Language: English 
)
(/usr/share/texlive/texmf-dist/tex/latex/siunitx/siunitx-abbreviations.cfg
File: siunitx-abbreviations.cfg 2017/11/26 v2.7k siunitx: Abbreviated units
)
Package caption Info: Begin \AtBeginDocument code.
Package caption Info: End \AtBeginDocument code.

(./Other/titlepage.tex
<Figures/DTU_Logo_Corporate_Red_RGB.png, id=163, 361.35pt x 527.0892pt>
File: Figures/DTU_Logo_Corporate_Red_RGB.png Graphic file (type png)
<use Figures/DTU_Logo_Corporate_Red_RGB.png>
Package pdftex.def Info: Figures/DTU_Logo_Corporate_Red_RGB.png  used on input 
line 26.
(pdftex.def)             Requested size: 103.50105pt x 150.96996pt.
 [1

{/var/lib/texmf/fonts/map/pdftex/updmap/pdftex.map} <./Figures/DTU_Logo_Corpora
te_Red_RGB.png>]) (./main.tocpdfTeX warning (ext4): destination with the same i
dentifier (name{page.1}) has been already used, duplicate ignored
<to be read again> 
                   \relax 
l.40 ...{\numberline {6}References}{39}{section.6}
                                                  % [1])
\tf@toc=\write6
\openout6 = `main.toc'.

 [2]
(./Sections/Introduction.tex
<Figures/Intro/ear5.png, id=227, 393.47pt x 390.45876pt>
File: Figures/Intro/ear5.png Graphic file (type png)
<use Figures/Intro/ear5.png>
Package pdftex.def Info: Figures/Intro/ear5.png  used on input line 9.
(pdftex.def)             Requested size: 71.13188pt x 70.58339pt.
<Figures/Intro/ear6.png, id=228, 419.5675pt x 424.58624pt>
File: Figures/Intro/ear6.png Graphic file (type png)
<use Figures/Intro/ear6.png>
Package pdftex.def Info: Figures/Intro/ear6.png  used on input line 10.
(pdftex.def)             Requested size: 71.13188pt x 71.97786pt.
<Figures/Intro/ear3.png, id=229, 455.7025pt x 457.71pt>
File: Figures/Intro/ear3.png Graphic file (type png)
<use Figures/Intro/ear3.png>
Package pdftex.def Info: Figures/Intro/ear3.png  used on input line 16.
(pdftex.def)             Requested size: 71.13188pt x 71.44019pt.
<Figures/Intro/ear4.png, id=230, 456.70625pt x 433.62pt>
File: Figures/Intro/ear4.png Graphic file (type png)
<use Figures/Intro/ear4.png>
Package pdftex.def Info: Figures/Intro/ear4.png  used on input line 17.
(pdftex.def)             Requested size: 71.13188pt x 67.5346pt.
<Figures/Intro/ear1.png, id=231, 456.70625pt x 455.7025pt>
File: Figures/Intro/ear1.png Graphic file (type png)
<use Figures/Intro/ear1.png>
Package pdftex.def Info: Figures/Intro/ear1.png  used on input line 23.
(pdftex.def)             Requested size: 71.13188pt x 70.97386pt.
<Figures/Intro/ear2.png, id=232, 451.6875pt x 438.63875pt>
File: Figures/Intro/ear2.png Graphic file (type png)
<use Figures/Intro/ear2.png>
Package pdftex.def Info: Figures/Intro/ear2.png  used on input line 24.
(pdftex.def)             Requested size: 71.13188pt x 69.07257pt.


LaTeX Warning: Citation 'FM' on page 3 undefined on input line 33.


LaTeX Warning: Citation 'FM' on page 3 undefined on input line 33.


LaTeX Warning: Citation 'JNB' on page 3 undefined on input line 33.

) (./Sections/PreviousWork.tex

LaTeX Warning: Citation 'JNB' on page 3 undefined on input line 3.


Underfull \hbox (badness 10000) in paragraph at lines 3--5

 []

[3 <./Figures/Intro/ear5.png> <./Figures/Intro/ear6.png> <./Figures/Intro/ear3.
png> <./Figures/Intro/ear4.png> <./Figures/Intro/ear1.png> <./Figures/Intro/ear
2.png>]

LaTeX Warning: Citation 'FM' on page 4 undefined on input line 6.


LaTeX Warning: Citation 'JNB' on page 4 undefined on input line 6.


LaTeX Warning: Citation 'CPBD' on page 4 undefined on input line 6.


LaTeX Warning: Citation 'FM' on page 4 undefined on input line 6.


Underfull \hbox (badness 10000) in paragraph at lines 6--9

 []


LaTeX Warning: Citation 'JNB' on page 4 undefined on input line 10.


LaTeX Warning: Citation 'JNB' on page 4 undefined on input line 11.


Underfull \hbox (badness 10000) in paragraph at lines 10--13

 []

[4]

LaTeX Warning: Citation 'jnbm03' on page 5 undefined on input line 15.


LaTeX Warning: Citation 'JNB' on page 5 undefined on input line 15.


Underfull \hbox (badness 10000) in paragraph at lines 15--16

 []


LaTeX Warning: Citation 'jnbm05' on page 5 undefined on input line 17.


Underfull \hbox (badness 10000) in paragraph at lines 17--18

 []


LaTeX Warning: Citation 'jnbm06' on page 5 undefined on input line 19.


Underfull \hbox (badness 10000) in paragraph at lines 19--20

 []


LaTeX Warning: Citation 'jnbm07' on page 5 undefined on input line 21.


Underfull \hbox (badness 10000) in paragraph at lines 21--22

 []


LaTeX Warning: Citation 'jnbm08' on page 5 undefined on input line 23.


Overfull \hbox (4.43103pt too wide) in paragraph at lines 25--26
[]\OT1/cmr/m/it/10 Cellular logic mea-sures: Trans-form-ing grayscale im-age in
to 3d bit-voxel (opac-
 []

[5]

LaTeX Warning: Citation 'jnbm09' on page 6 undefined on input line 51.


LaTeX Warning: Citation 'jnbm10' on page 6 undefined on input line 52.


Underfull \hbox (badness 10000) in paragraph at lines 51--53

 []


LaTeX Warning: Citation 'jnbm11' on page 6 undefined on input line 54.


Underfull \hbox (badness 10000) in paragraph at lines 54--55

 []


LaTeX Warning: Citation 'jnbm12' on page 6 undefined on input line 56.


LaTeX Warning: Citation 'jnbm12' on page 6 undefined on input line 56.


Underfull \hbox (badness 10000) in paragraph at lines 56--57

 []

[6]

LaTeX Warning: Citation 'jnbm13' on page 7 undefined on input line 58.


LaTeX Warning: Citation 'jnbm13' on page 7 undefined on input line 58.


Overfull \hbox (12.90121pt too wide) in paragraph at lines 58--59
\OT1/cmr/m/it/10 fre-quency con-tent anal-y-sis in a feature-based con-text". F
ourier transform[[]].
 []


Underfull \hbox (badness 10000) in paragraph at lines 58--59

 []


LaTeX Warning: Citation 'jnbm14' on page 7 undefined on input line 60.


Underfull \hbox (badness 10000) in paragraph at lines 60--61

 []


LaTeX Warning: Citation 'jnbm17' on page 7 undefined on input line 62.


Underfull \hbox (badness 10000) in paragraph at lines 62--63

 []


LaTeX Warning: Citation 'jpg' on page 7 undefined on input line 65.

[7]) (./Sections/ImageFoundation.tex) (./Sections/BlurredImages.tex

LaTeX Warning: Citation 'JNB' on page 8 undefined on input line 17.


LaTeX Warning: Citation 'FM' on page 8 undefined on input line 17.


Underfull \hbox (badness 10000) in paragraph at lines 17--37

 []


Underfull \hbox (badness 10000) in paragraph at lines 17--37

 []

[8]
Underfull \hbox (badness 10000) in paragraph at lines 40--40
[]|\OT1/cmr/m/n/10 Sharpness
 []


Overfull \hbox (4.20401pt too wide) in paragraph at lines 40--41
[]|\OT1/cmr/m/n/10 Probability
 []


Underfull \hbox (badness 10000) in paragraph at lines 40--41
\OT1/cmr/m/n/10 of blur-
 []


Underfull \hbox (badness 10000) in paragraph at lines 41--41
[]|\OT1/cmr/m/n/10 Edge
 []


Underfull \hbox (badness 10000) in paragraph at lines 41--41
\OT1/cmr/m/n/10 de-tec-
 []


Overfull \hbox (2.4702pt too wide) in paragraph at lines 41--41
[]|\OT1/cmr/m/n/10 Training
 []


Overfull \hbox (3.72018pt too wide) in paragraph at lines 41--41
[]|\OT1/cmr/m/n/10 Different
 []


Underfull \hbox (badness 10000) in paragraph at lines 41--41
\OT1/cmr/m/n/10 con-
 []


Underfull \hbox (badness 10000) in paragraph at lines 41--41
[]|\OT1/cmr/m/n/10 Fourier
 []


Underfull \hbox (badness 10000) in paragraph at lines 41--41
\OT1/cmr/m/n/10 Trans-
 []


Underfull \hbox (badness 10000) in paragraph at lines 41--41
\OT1/cmr/m/n/10 for-ma-
 []


Overfull \hbox (4.42485pt too wide) in paragraph at lines 41--41
[]|\OT1/cmr/m/n/10 Grayscale
 []


Overfull \hbox (4.42485pt too wide) in paragraph at lines 41--41
[]|\OT1/cmr/m/n/10 Grayscale
 []


Underfull \hbox (badness 10000) in paragraph at lines 41--41
\OT1/cmr/m/n/10 his-
 []


Overfull \hbox (4.42485pt too wide) in paragraph at lines 41--41
[]|\OT1/cmr/m/n/10 Grayscale
 []


Underfull \hbox (badness 10000) in paragraph at lines 41--41
[]|\OT1/cmr/m/n/10 Noise
 []


LaTeX Warning: Citation 'jnbm05' on page 9 undefined on input line 42.


Overfull \hbox (31.02747pt too wide) in paragraph at lines 42--42
[]|\OT1/cmr/bx/n/10 Variance\OT1/cmr/m/n/10 [[]]
 []


LaTeX Warning: Citation 'jnbm06' on page 9 undefined on input line 44.


Underfull \hbox (badness 10000) in paragraph at lines 44--44
[]|\OT1/cmr/m/n/10 Auto-
 []


Underfull \hbox (badness 10000) in paragraph at lines 44--44
\OT1/cmr/m/n/10 correlation-
 []


Overfull \hbox (14.6875pt too wide) in paragraph at lines 44--44
\OT1/cmr/m/n/10 based[[]],
 []


LaTeX Warning: Citation 'jnbm06' on page 9 undefined on input line 46.


Overfull \hbox (18.36227pt too wide) in paragraph at lines 46--46
\OT1/cmr/bx/n/10 based\OT1/cmr/m/n/10 [[]],
 []


Underfull \hbox (badness 10000) in paragraph at lines 46--46
\OT1/cmr/m/n/10 2000 []lapla-
 []


LaTeX Warning: Citation 'jnbm07' on page 9 undefined on input line 48.


Underfull \hbox (badness 10000) in paragraph at lines 48--48
[]|\OT1/cmr/m/n/10 Perceptual
 []


Overfull \hbox (7.99306pt too wide) in paragraph at lines 48--48
\OT1/cmr/m/n/10 blur[[]],
 []


LaTeX Warning: Citation 'jnbm08' on page 9 undefined on input line 50.


Underfull \hbox (badness 10000) in paragraph at lines 50--50
[]|\OT1/cmr/m/n/10 Frequency
 []


Overfull \hbox (28.04865pt too wide) in paragraph at lines 50--50
\OT1/cmr/m/n/10 threshold[[]]| 
 []


LaTeX Warning: Citation 'jnbm09' on page 9 undefined on input line 52.


LaTeX Warning: Citation 'jnbm10' on page 9 undefined on input line 52.


Overfull \hbox (69.60402pt too wide) in paragraph at lines 52--52
[]|\OT1/cmr/m/n/10 Kurtosis[[]][[]],
 []


LaTeX Warning: Citation 'jnbm08' on page 9 undefined on input line 54.


Underfull \hbox (badness 10000) in paragraph at lines 54--54
[]|\OT1/cmr/m/n/10 Histogram
 []


Overfull \hbox (30.82643pt too wide) in paragraph at lines 54--54
\OT1/cmr/m/n/10 threshold[[]],
 []


LaTeX Warning: Citation 'jnbm11' on page 9 undefined on input line 56.


Underfull \hbox (badness 10000) in paragraph at lines 56--56
[]|\OT1/cmr/m/n/10 Histogram
 []


Underfull \hbox (badness 10000) in paragraph at lines 56--56
\OT1/cmr/m/n/10 entropy-
 []


Overfull \hbox (14.6875pt too wide) in paragraph at lines 56--56
\OT1/cmr/m/n/10 based[[]],
 []


LaTeX Warning: Citation 'jnbm12' on page 9 undefined on input line 58.


Underfull \hbox (badness 10000) in paragraph at lines 58--58
[]|\OT1/cmr/bx/n/10 Histogram
 []


Underfull \hbox (badness 10000) in paragraph at lines 58--58
\OT1/cmr/bx/n/10 frequency-
 []


Overfull \hbox (18.36227pt too wide) in paragraph at lines 58--58
\OT1/cmr/bx/n/10 based\OT1/cmr/m/n/10 [[]],
 []


LaTeX Warning: Citation 'jnbm13' on page 9 undefined on input line 60.


Underfull \hbox (badness 10000) in paragraph at lines 60--60
[]|\OT1/cmr/m/n/10 Shaked-
 []


Overfull \hbox (12.18748pt too wide) in paragraph at lines 60--60
\OT1/cmr/m/n/10 Tastl[[]],
 []


LaTeX Warning: Citation 'jnbm13' on page 9 undefined on input line 61.


LaTeX Warning: Citation 'jnbm14' on page 9 undefined on input line 62.


Underfull \hbox (badness 10000) in paragraph at lines 62--62
[]|\OT1/cmr/m/n/10 Image
 []


Underfull \hbox (badness 10000) in paragraph at lines 62--62
\OT1/cmr/m/n/10 Qual-ity
 []


Overfull \hbox (26.65973pt too wide) in paragraph at lines 62--62
\OT1/cmr/m/n/10 Measure[[]],
 []


LaTeX Warning: Citation 'jnbm03' on page 9 undefined on input line 64.


LaTeX Warning: Citation 'jnbm07' on page 9 undefined on input line 64.


Underfull \hbox (badness 10000) in paragraph at lines 64--64
[]|\OT1/cmr/m/n/10 Noise
 []


Underfull \hbox (badness 10000) in paragraph at lines 64--64
\OT1/cmr/m/n/10 Im-mune
 []


Overfull \hbox (76.27069pt too wide) in paragraph at lines 64--64
\OT1/cmr/m/n/10 Sharpness[[]][[]],
 []


LaTeX Warning: Citation 'jnbm17' on page 9 undefined on input line 66.


Underfull \hbox (badness 10000) in paragraph at lines 66--66
[]|\OT1/cmr/bx/n/10 No-
 []


Underfull \hbox (badness 10000) in paragraph at lines 66--66
\OT1/cmr/bx/n/10 reference
 []


Overfull \hbox (12.68735pt too wide) in paragraph at lines 66--66
\OT1/cmr/bx/n/10 Blur\OT1/cmr/m/n/10 [[]],
 []


LaTeX Warning: Citation 'JNB' on page 9 undefined on input line 68.


Underfull \hbox (badness 10000) in paragraph at lines 68--68
[]|\OT1/cmr/m/n/10 Just No-
 []


Underfull \hbox (badness 10000) in paragraph at lines 68--68
\OT1/cmr/m/n/10 tice-able
 []


Underfull \hbox (badness 10000) in paragraph at lines 68--68
\OT1/cmr/m/n/10 Blur[[]],
 []


LaTeX Warning: Citation 'CPBD' on page 9 undefined on input line 70.


Overfull \hbox (19.53477pt too wide) in paragraph at lines 70--70
[]|\OT1/cmr/m/n/10 CPBD[][][][[]],
 []


LaTeX Warning: Citation 'FM' on page 9 undefined on input line 72.


Underfull \hbox (badness 10000) in paragraph at lines 72--72
[]|\OT1/cmr/bx/n/10 Frequency
 []


Underfull \hbox (badness 10000) in paragraph at lines 72--72
\OT1/cmr/bx/n/10 Do-
 []


Underfull \hbox (badness 10000) in paragraph at lines 72--72
\OT1/cmr/bx/n/10 main\OT1/cmr/m/n/10 [[]],
 []


Overfull \hbox (77.30092pt too wide) in alignment at lines 39--75
 [] [] [] [] [] [] [] [] [] [] 
 []


Underfull \vbox (badness 10000) detected at line 75
 []

[9] [10]
Overfull \hbox (14.91722pt too wide) in paragraph at lines 89--93
[]\OT1/cmr/m/n/10 The fol-low-ing sharpness-metrics will be gone for-ward with:
 Vari-ance, Derivative-
 []


Overfull \hbox (20.5561pt too wide) in paragraph at lines 89--93
\OT1/cmr/m/n/10 These met-rics will be tested us-ing a few dif-fer-ent test-met
hods: sen-si-tiv-ity/specificity.
 []


LaTeX Warning: Citation 'code_CPBD' on page 11 undefined on input line 100.


LaTeX Warning: Citation 'JBN' on page 11 undefined on input line 100.


LaTeX Warning: Citation 'JNB' on page 11 undefined on input line 100.


LaTeX Warning: Citation 'JNB' on page 11 undefined on input line 100.

[11]
Underfull \hbox (badness 10000) in paragraph at lines 104--104
[][][][]$\OT1/cmtt/m/n/8 https : / / scikit-[]image . org / docs / dev / api / 
skimage . filters . html ? highlight =
 []


Underfull \hbox (badness 10000) in paragraph at lines 104--104
[][][][]$\OT1/cmtt/m/n/8 https : / / github . com / scipy / scipy / blob / 9492
369e7f76c8206ac1c375e75375ca7410a7e7 /
 []


Overfull \hbox (34.05542pt too wide) in paragraph at lines 129--129
[][][][]$\OT1/cmtt/m/n/8 https : / / stackoverflow . com / questions / 17458237
 / time-[]complexity-[]of-[]canny-[]edge-[]detector# :
 []


Underfull \hbox (badness 10000) in paragraph at lines 128--130

 []


LaTeX Warning: Citation 'CPBD' on page 12 undefined on input line 131.


LaTeX Warning: Citation 'code_CPBD' on page 12 undefined on input line 131.


LaTeX Warning: Citation 'code_CPBD' on page 12 undefined on input line 131.


Overfull \hbox (53.41464pt too wide) in paragraph at lines 131--132
\OT1/cmr/m/n/10 counted, and the smooth blocks were dis-carded. How-ever, the i
mplementation[[]]
 []

[12]

LaTeX Warning: Citation 'JNB' on page 13 undefined on input line 135.


Overfull \hbox (18.90897pt too wide) in paragraph at lines 135--136
\OT1/cmr/m/n/10 de-ter-mined by cal-cu-lat-ing the block con-trast $\OML/cmm/m/
it/10 C \OT1/cmr/m/n/10 = \OML/cmm/m/it/10 max\OT1/cmr/m/n/10 (\OML/cmm/m/it/10
 grayvalue\OT1/cmr/m/n/10 ) \OMS/cmsy/m/n/10 ^^@ \OML/cmm/m/it/10 min\OT1/cmr/m
/n/10 (\OML/cmm/m/it/10 grayvalue\OT1/cmr/m/n/10 )$
 []


LaTeX Warning: Citation 'CPBD' on page 13 undefined on input line 139.


LaTeX Warning: Citation 'JNB' on page 13 undefined on input line 139.


LaTeX Warning: Citation 'CPBD' on page 13 undefined on input line 143.


LaTeX Warning: Citation 'CPBD' on page 13 undefined on input line 145.


LaTeX Warning: Citation 'jnbm12' on page 13 undefined on input line 154.


LaTeX Warning: Citation 'code_HF' on page 13 undefined on input line 154.


LaTeX Warning: Citation 'jpg' on page 13 undefined on input line 162.

[13]

LaTeX Warning: Citation 'jnbm12' on page 14 undefined on input line 168.


LaTeX Warning: Citation 'FM' on page 14 undefined on input line 168.


LaTeX Warning: Citation 'code_HF' on page 14 undefined on input line 170.


LaTeX Warning: Citation 'jnbm12' on page 14 undefined on input line 171.


Overfull \hbox (26.82805pt too wide) in paragraph at lines 170--172
\OT1/cmr/m/n/10 old, \OT1/cmr/m/it/10 max-Hist-Value\OT1/cmr/m/n/10 . If \OT1/c
mtt/m/n/10 histogram[]value < maxHistValue $\OMS/cmsy/m/n/10 ^^A$ \OT1/cmtt/m/n
/10 histogram[]first[]value
 []


LaTeX Warning: Citation 'jnbm12' on page 14 undefined on input line 186.


LaTeX Warning: Citation 'code_HF' on page 14 undefined on input line 186.


LaTeX Warning: Citation 'FM' on page 14 undefined on input line 191.

[14]

LaTeX Warning: Citation 'code_FM' on page 15 undefined on input line 193.


LaTeX Warning: Citation 'FM' on page 15 undefined on input line 193.


LaTeX Warning: Citation 'code_LV' on page 15 undefined on input line 201.


LaTeX Warning: Citation 'code_LV' on page 15 undefined on input line 203.

[15]

LaTeX Warning: Citation 'img_analysis' on page 16 undefined on input line 234.


LaTeX Warning: Citation 'ML_book' on page 16 undefined on input line 234.

[16]

LaTeX Warning: Citation 'ML_book' on page 17 undefined on input line 246.

[17]
Underfull \hbox (badness 10000) in paragraph at lines 277--278

 []


LaTeX Warning: Citation 'img_analysis' on page 18 undefined on input line 284.

<Figures/BlurredImages/Gaussian/21.png, id=399, 493.845pt x 493.845pt>
File: Figures/BlurredImages/Gaussian/21.png Graphic file (type png)
<use Figures/BlurredImages/Gaussian/21.png>
Package pdftex.def Info: Figures/BlurredImages/Gaussian/21.png  used on input l
ine 289.
(pdftex.def)             Requested size: 103.50105pt x 103.49951pt.
<Figures/BlurredImages/Gaussian/13.png, id=400, 447.6725pt x 447.6725pt>
File: Figures/BlurredImages/Gaussian/13.png Graphic file (type png)
<use Figures/BlurredImages/Gaussian/13.png>
Package pdftex.def Info: Figures/BlurredImages/Gaussian/13.png  used on input l
ine 294.
(pdftex.def)             Requested size: 103.50105pt x 103.50215pt.
<Figures/BlurredImages/Gaussian/60.png, id=401, 447.6725pt x 447.6725pt>
File: Figures/BlurredImages/Gaussian/60.png Graphic file (type png)
<use Figures/BlurredImages/Gaussian/60.png>
Package pdftex.def Info: Figures/BlurredImages/Gaussian/60.png  used on input l
ine 299.
(pdftex.def)             Requested size: 103.50105pt x 103.50215pt.
<Figures/BlurredImages/Gaussian/128.png, id=404, 447.6725pt x 447.6725pt>
File: Figures/BlurredImages/Gaussian/128.png Graphic file (type png)
<use Figures/BlurredImages/Gaussian/128.png>
Package pdftex.def Info: Figures/BlurredImages/Gaussian/128.png  used on input 
line 305.
(pdftex.def)             Requested size: 103.50105pt x 103.50215pt.
<Figures/BlurredImages/Gaussian/196.png, id=407, 447.6725pt x 447.6725pt>
File: Figures/BlurredImages/Gaussian/196.png Graphic file (type png)
<use Figures/BlurredImages/Gaussian/196.png>
Package pdftex.def Info: Figures/BlurredImages/Gaussian/196.png  used on input 
line 310.
(pdftex.def)             Requested size: 103.50105pt x 103.50215pt.
[18]

LaTeX Warning: Citation 'CPBD' on page 19 undefined on input line 320.

<Figures/BlurredImages/output_cpbd.png, id=417, 462.528pt x 346.896pt>
File: Figures/BlurredImages/output_cpbd.png Graphic file (type png)
<use Figures/BlurredImages/output_cpbd.png>
Package pdftex.def Info: Figures/BlurredImages/output_cpbd.png  used on input l
ine 324.
(pdftex.def)             Requested size: 276.00105pt x 207.01175pt.
[19 <./Figures/BlurredImages/Gaussian/21.png (PNG copy)> <./Figures/BlurredImag
es/Gaussian/13.png (PNG copy)> <./Figures/BlurredImages/Gaussian/60.png (PNG co
py)> <./Figures/BlurredImages/Gaussian/128.png (PNG copy)> <./Figures/BlurredIm
ages/Gaussian/196.png (PNG copy)>]
<Figures/BlurredImages/output_HF.png, id=425, 462.528pt x 346.896pt>
File: Figures/BlurredImages/output_HF.png Graphic file (type png)
<use Figures/BlurredImages/output_HF.png>
Package pdftex.def Info: Figures/BlurredImages/output_HF.png  used on input lin
e 332.
(pdftex.def)             Requested size: 276.00105pt x 207.01175pt.
 [20 <./Figures/BlurredImages/output_cpbd.png>]
<Figures/BlurredImages/output_FM.png, id=434, 462.528pt x 346.896pt>
File: Figures/BlurredImages/output_FM.png Graphic file (type png)
<use Figures/BlurredImages/output_FM.png>
Package pdftex.def Info: Figures/BlurredImages/output_FM.png  used on input lin
e 340.
(pdftex.def)             Requested size: 276.00105pt x 207.01175pt.
 [21 <./Figures/BlurredImages/output_HF.png>]
Underfull \hbox (badness 10000) in paragraph at lines 344--345

 []

<Figures/BlurredImages/means.png, id=445, 951.555pt x 154.5775pt>
File: Figures/BlurredImages/means.png Graphic file (type png)
<use Figures/BlurredImages/means.png>
Package pdftex.def Info: Figures/BlurredImages/means.png  used on input line 35
0.
(pdftex.def)             Requested size: 345.0pt x 56.0441pt.

Underfull \hbox (badness 10000) in paragraph at lines 354--355

 []


Underfull \hbox (badness 10000) in paragraph at lines 356--357

 []

[22 <./Figures/BlurredImages/output_FM.png> <./Figures/BlurredImages/means.png>
]
<Figures/BlurredImages/output_cpbd_conf_mat.png, id=459, 462.528pt x 346.896pt>

File: Figures/BlurredImages/output_cpbd_conf_mat.png Graphic file (type png)
<use Figures/BlurredImages/output_cpbd_conf_mat.png>
Package pdftex.def Info: Figures/BlurredImages/output_cpbd_conf_mat.png  used o
n input line 362.
(pdftex.def)             Requested size: 169.0519pt x 126.78801pt.
<Figures/BlurredImages/output_cpbd_roc.png, id=460, 462.528pt x 346.896pt>
File: Figures/BlurredImages/output_cpbd_roc.png Graphic file (type png)
<use Figures/BlurredImages/output_cpbd_roc.png>
Package pdftex.def Info: Figures/BlurredImages/output_cpbd_roc.png  used on inp
ut line 369.
(pdftex.def)             Requested size: 169.0519pt x 126.78801pt.
<Figures/BlurredImages/output_HF_conf_mat.png, id=461, 462.528pt x 346.896pt>
File: Figures/BlurredImages/output_HF_conf_mat.png Graphic file (type png)
<use Figures/BlurredImages/output_HF_conf_mat.png>
Package pdftex.def Info: Figures/BlurredImages/output_HF_conf_mat.png  used on 
input line 375.
(pdftex.def)             Requested size: 169.0519pt x 126.78801pt.
<Figures/BlurredImages/output_HF_roc.png, id=462, 462.528pt x 346.896pt>
File: Figures/BlurredImages/output_HF_roc.png Graphic file (type png)
<use Figures/BlurredImages/output_HF_roc.png>
Package pdftex.def Info: Figures/BlurredImages/output_HF_roc.png  used on input
 line 382.
(pdftex.def)             Requested size: 169.0519pt x 126.78801pt.
<Figures/BlurredImages/output_FM_conf_mat.png, id=463, 462.528pt x 346.896pt>
File: Figures/BlurredImages/output_FM_conf_mat.png Graphic file (type png)
<use Figures/BlurredImages/output_FM_conf_mat.png>
Package pdftex.def Info: Figures/BlurredImages/output_FM_conf_mat.png  used on 
input line 388.
(pdftex.def)             Requested size: 169.0519pt x 126.78801pt.
<Figures/BlurredImages/output_FM_roc.png, id=464, 462.528pt x 346.896pt>
File: Figures/BlurredImages/output_FM_roc.png Graphic file (type png)
<use Figures/BlurredImages/output_FM_roc.png>
Package pdftex.def Info: Figures/BlurredImages/output_FM_roc.png  used on input
 line 395.
(pdftex.def)             Requested size: 169.0519pt x 126.78801pt.
 [23] [24 <./Figures/BlurredImages/output_cpbd_conf_mat.png> <./Figures/Blurred
Images/output_cpbd_roc.png> <./Figures/BlurredImages/output_HF_conf_mat.png> <.
/Figures/BlurredImages/output_HF_roc.png> <./Figures/BlurredImages/output_FM_co
nf_mat.png> <./Figures/BlurredImages/output_FM_roc.png>]

LaTeX Warning: Citation 'FM' on page 25 undefined on input line 414.

<Figures/BlurredImages/tweakFM/102_output_basic_no_gauss.png, id=483, 462.528pt
 x 346.896pt>
File: Figures/BlurredImages/tweakFM/102_output_basic_no_gauss.png Graphic file 
(type png)
<use Figures/BlurredImages/tweakFM/102_output_basic_no_gauss.png>
Package pdftex.def Info: Figures/BlurredImages/tweakFM/102_output_basic_no_gaus
s.png  used on input line 419.
(pdftex.def)             Requested size: 165.59853pt x 124.19963pt.
<Figures/BlurredImages/tweakFM/102_output_roc_no_gauss.png, id=484, 462.528pt x
 346.896pt>
File: Figures/BlurredImages/tweakFM/102_output_roc_no_gauss.png Graphic file (t
ype png)
<use Figures/BlurredImages/tweakFM/102_output_roc_no_gauss.png>
Package pdftex.def Info: Figures/BlurredImages/tweakFM/102_output_roc_no_gauss.
png  used on input line 424.
(pdftex.def)             Requested size: 165.59853pt x 124.19963pt.
<Figures/BlurredImages/tweakFM/102_output_basic.png, id=485, 462.528pt x 346.89
6pt>
File: Figures/BlurredImages/tweakFM/102_output_basic.png Graphic file (type png
)
<use Figures/BlurredImages/tweakFM/102_output_basic.png>
Package pdftex.def Info: Figures/BlurredImages/tweakFM/102_output_basic.png  us
ed on input line 429.
(pdftex.def)             Requested size: 165.59853pt x 124.19963pt.
<Figures/BlurredImages/tweakFM/102_output_roc.png, id=486, 462.528pt x 346.896p
t>
File: Figures/BlurredImages/tweakFM/102_output_roc.png Graphic file (type png)
<use Figures/BlurredImages/tweakFM/102_output_roc.png>
Package pdftex.def Info: Figures/BlurredImages/tweakFM/102_output_roc.png  used
 on input line 434.
(pdftex.def)             Requested size: 165.59853pt x 124.19963pt.
[25]
<Figures/BlurredImages/tweakFM/2202_output_basic.png, id=493, 462.528pt x 346.8
96pt>
File: Figures/BlurredImages/tweakFM/2202_output_basic.png Graphic file (type pn
g)
<use Figures/BlurredImages/tweakFM/2202_output_basic.png>
Package pdftex.def Info: Figures/BlurredImages/tweakFM/2202_output_basic.png  u
sed on input line 443.
(pdftex.def)             Requested size: 165.59853pt x 124.19963pt.
<Figures/BlurredImages/tweakFM/2202_output_roc.png, id=494, 462.528pt x 346.896
pt>
File: Figures/BlurredImages/tweakFM/2202_output_roc.png Graphic file (type png)

<use Figures/BlurredImages/tweakFM/2202_output_roc.png>
Package pdftex.def Info: Figures/BlurredImages/tweakFM/2202_output_roc.png  use
d on input line 448.
(pdftex.def)             Requested size: 165.59853pt x 124.19963pt.
<Figures/BlurredImages/tweakFM/2202_output_basic_gauss.png, id=495, 462.528pt x
 346.896pt>
File: Figures/BlurredImages/tweakFM/2202_output_basic_gauss.png Graphic file (t
ype png)
<use Figures/BlurredImages/tweakFM/2202_output_basic_gauss.png>
Package pdftex.def Info: Figures/BlurredImages/tweakFM/2202_output_basic_gauss.
png  used on input line 453.
(pdftex.def)             Requested size: 165.59853pt x 124.19963pt.
<Figures/BlurredImages/tweakFM/2202_output_roc_gauss.png, id=496, 462.528pt x 3
46.896pt>
File: Figures/BlurredImages/tweakFM/2202_output_roc_gauss.png Graphic file (typ
e png)
<use Figures/BlurredImages/tweakFM/2202_output_roc_gauss.png>
Package pdftex.def Info: Figures/BlurredImages/tweakFM/2202_output_roc_gauss.pn
g  used on input line 458.
(pdftex.def)             Requested size: 165.59853pt x 124.19963pt.
 [26 <./Figures/BlurredImages/tweakFM/102_output_basic_no_gauss.png> <./Figures
/BlurredImages/tweakFM/102_output_roc_no_gauss.png> <./Figures/BlurredImages/tw
eakFM/102_output_basic.png> <./Figures/BlurredImages/tweakFM/102_output_roc.png
>]
<Figures/BlurredImages/tweakHF/min1_max0.085_output_basic_no_gauss.png, id=506,
 462.528pt x 346.896pt>
File: Figures/BlurredImages/tweakHF/min1_max0.085_output_basic_no_gauss.png Gra
phic file (type png)
<use Figures/BlurredImages/tweakHF/min1_max0.085_output_basic_no_gauss.png>
Package pdftex.def Info: Figures/BlurredImages/tweakHF/min1_max0.085_output_bas
ic_no_gauss.png  used on input line 482.
(pdftex.def)             Requested size: 165.59853pt x 124.19963pt.
<Figures/BlurredImages/tweakHF/min1_max0.085_output_roc_no_gauss.png, id=507, 4
62.528pt x 346.896pt>
File: Figures/BlurredImages/tweakHF/min1_max0.085_output_roc_no_gauss.png Graph
ic file (type png)
<use Figures/BlurredImages/tweakHF/min1_max0.085_output_roc_no_gauss.png>
Package pdftex.def Info: Figures/BlurredImages/tweakHF/min1_max0.085_output_roc
_no_gauss.png  used on input line 487.
(pdftex.def)             Requested size: 165.59853pt x 124.19963pt.

Underfull \hbox (badness 7832) in paragraph at lines 488--488
[]\OT1/cmr/m/n/9 (b) |One of the two best per-for-
 []


Underfull \hbox (badness 10000) in paragraph at lines 488--488
\OT1/cmr/m/n/9 mances with-out Gauss have con-
 []


Underfull \hbox (badness 10000) in paragraph at lines 488--488
\OT1/cmr/m/n/9 stants $\OML/cmm/m/it/9 minDCTValue \OT1/cmr/m/n/9 = 1$ and
 []


Underfull \hbox (badness 10000) in paragraph at lines 488--488
\OML/cmm/m/it/9 maxHistValue \OT1/cmr/m/n/9 = 0\OML/cmm/m/it/9 :\OT1/cmr/m/n/9 
085$, hav-ing
 []

<Figures/BlurredImages/tweakHF/min1_max0.085_output_basic.png, id=508, 462.528p
t x 346.896pt>
File: Figures/BlurredImages/tweakHF/min1_max0.085_output_basic.png Graphic file
 (type png)
<use Figures/BlurredImages/tweakHF/min1_max0.085_output_basic.png>
Package pdftex.def Info: Figures/BlurredImages/tweakHF/min1_max0.085_output_bas
ic.png  used on input line 492.
(pdftex.def)             Requested size: 165.59853pt x 124.19963pt.
<Figures/BlurredImages/tweakHF/min1_max0.085_output_roc.png, id=509, 462.528pt 
x 346.896pt>
File: Figures/BlurredImages/tweakHF/min1_max0.085_output_roc.png Graphic file (
type png)
<use Figures/BlurredImages/tweakHF/min1_max0.085_output_roc.png>
Package pdftex.def Info: Figures/BlurredImages/tweakHF/min1_max0.085_output_roc
.png  used on input line 497.
(pdftex.def)             Requested size: 165.59853pt x 124.19963pt.

Underfull \hbox (badness 10000) in paragraph at lines 498--498
[]\OT1/cmr/m/n/9 (d) |The out-put on the train-
 []


Underfull \hbox (badness 10000) in paragraph at lines 498--498
\OT1/cmr/m/n/9 ing set in-clud-ing Gauss on con-
 []


Underfull \hbox (badness 10000) in paragraph at lines 498--498
\OT1/cmr/m/n/9 stants $\OML/cmm/m/it/9 minDCTValue \OT1/cmr/m/n/9 = 1$ and
 []


Underfull \hbox (badness 10000) in paragraph at lines 498--498
\OML/cmm/m/it/9 maxHistValue \OT1/cmr/m/n/9 = 0\OML/cmm/m/it/9 :\OT1/cmr/m/n/9 
085$, hav-ing
 []

[27 <./Figures/BlurredImages/tweakFM/2202_output_basic.png> <./Figures/BlurredI
mages/tweakFM/2202_output_roc.png> <./Figures/BlurredImages/tweakFM/2202_output
_basic_gauss.png> <./Figures/BlurredImages/tweakFM/2202_output_roc_gauss.png>]
<Figures/BlurredImages/tweakHF/min0_max0.115_output_basic.png, id=519, 462.528p
t x 346.896pt>
File: Figures/BlurredImages/tweakHF/min0_max0.115_output_basic.png Graphic file
 (type png)
<use Figures/BlurredImages/tweakHF/min0_max0.115_output_basic.png>
Package pdftex.def Info: Figures/BlurredImages/tweakHF/min0_max0.115_output_bas
ic.png  used on input line 506.
(pdftex.def)             Requested size: 165.59853pt x 124.19963pt.
<Figures/BlurredImages/tweakHF/min0_max0.115_output_roc.png, id=520, 462.528pt 
x 346.896pt>
File: Figures/BlurredImages/tweakHF/min0_max0.115_output_roc.png Graphic file (
type png)
<use Figures/BlurredImages/tweakHF/min0_max0.115_output_roc.png>
Package pdftex.def Info: Figures/BlurredImages/tweakHF/min0_max0.115_output_roc
.png  used on input line 511.
(pdftex.def)             Requested size: 165.59853pt x 124.19963pt.
<Figures/BlurredImages/tweakHF/gauss_min0_max0.115_output_basic.png, id=521, 46
2.528pt x 346.896pt>
File: Figures/BlurredImages/tweakHF/gauss_min0_max0.115_output_basic.png Graphi
c file (type png)
<use Figures/BlurredImages/tweakHF/gauss_min0_max0.115_output_basic.png>
Package pdftex.def Info: Figures/BlurredImages/tweakHF/gauss_min0_max0.115_outp
ut_basic.png  used on input line 516.
(pdftex.def)             Requested size: 165.59853pt x 124.19963pt.
<Figures/BlurredImages/tweakHF/gauss_min0_max0.115_output_roc.png, id=522, 462.
528pt x 346.896pt>
File: Figures/BlurredImages/tweakHF/gauss_min0_max0.115_output_roc.png Graphic 
file (type png)
<use Figures/BlurredImages/tweakHF/gauss_min0_max0.115_output_roc.png>
Package pdftex.def Info: Figures/BlurredImages/tweakHF/gauss_min0_max0.115_outp
ut_roc.png  used on input line 521.
(pdftex.def)             Requested size: 165.59853pt x 124.19963pt.

Underfull \hbox (badness 5302) in paragraph at lines 522--522
\OT1/cmr/m/n/9 is with $\OML/cmm/m/it/9 minDCTValue \OT1/cmr/m/n/9 = 0$ and
 []

[28 <./Figures/BlurredImages/tweakHF/min1_max0.085_output_basic_no_gauss.png> <
./Figures/BlurredImages/tweakHF/min1_max0.085_output_roc_no_gauss.png> <./Figur
es/BlurredImages/tweakHF/min1_max0.085_output_basic.png> <./Figures/BlurredImag
es/tweakHF/min1_max0.085_output_roc.png>]
<Figures/BlurredImages/results_on_thresholds/output_roc_hf.png, id=533, 462.528
pt x 346.896pt>
File: Figures/BlurredImages/results_on_thresholds/output_roc_hf.png Graphic fil
e (type png)
<use Figures/BlurredImages/results_on_thresholds/output_roc_hf.png>
Package pdftex.def Info: Figures/BlurredImages/results_on_thresholds/output_roc
_hf.png  used on input line 539.
(pdftex.def)             Requested size: 165.59853pt x 124.19963pt.
<Figures/BlurredImages/results_on_thresholds/threshold_test_scores_hf.png, id=5
34, 462.528pt x 346.896pt>
File: Figures/BlurredImages/results_on_thresholds/threshold_test_scores_hf.png 
Graphic file (type png)
<use Figures/BlurredImages/results_on_thresholds/threshold_test_scores_hf.png>
Package pdftex.def Info: Figures/BlurredImages/results_on_thresholds/threshold_
test_scores_hf.png  used on input line 544.
(pdftex.def)             Requested size: 165.59853pt x 124.19963pt.
<Figures/BlurredImages/results_on_thresholds/output_dens_hf.png, id=535, 462.52
8pt x 346.896pt>
File: Figures/BlurredImages/results_on_thresholds/output_dens_hf.png Graphic fi
le (type png)
<use Figures/BlurredImages/results_on_thresholds/output_dens_hf.png>
Package pdftex.def Info: Figures/BlurredImages/results_on_thresholds/output_den
s_hf.png  used on input line 549.
(pdftex.def)             Requested size: 165.59853pt x 124.19963pt.
 [29 <./Figures/BlurredImages/tweakHF/min0_max0.115_output_basic.png> <./Figure
s/BlurredImages/tweakHF/min0_max0.115_output_roc.png> <./Figures/BlurredImages/
tweakHF/gauss_min0_max0.115_output_basic.png> <./Figures/BlurredImages/tweakHF/
gauss_min0_max0.115_output_roc.png>]
<Figures/BlurredImages/results_on_thresholds/output_roc_cpbd.png, id=545, 462.5
28pt x 346.896pt>
File: Figures/BlurredImages/results_on_thresholds/output_roc_cpbd.png Graphic f
ile (type png)
<use Figures/BlurredImages/results_on_thresholds/output_roc_cpbd.png>
Package pdftex.def Info: Figures/BlurredImages/results_on_thresholds/output_roc
_cpbd.png  used on input line 563.
(pdftex.def)             Requested size: 165.59853pt x 124.19963pt.
<Figures/BlurredImages/results_on_thresholds/threshold_test_scores_cpbd.png, id
=546, 462.528pt x 346.896pt>
File: Figures/BlurredImages/results_on_thresholds/threshold_test_scores_cpbd.pn
g Graphic file (type png)
<use Figures/BlurredImages/results_on_thresholds/threshold_test_scores_cpbd.png
>
Package pdftex.def Info: Figures/BlurredImages/results_on_thresholds/threshold_
test_scores_cpbd.png  used on input line 568.
(pdftex.def)             Requested size: 165.59853pt x 124.19963pt.
<Figures/BlurredImages/results_on_thresholds/output_dens_cpbd.png, id=547, 462.
528pt x 346.896pt>
File: Figures/BlurredImages/results_on_thresholds/output_dens_cpbd.png Graphic 
file (type png)
<use Figures/BlurredImages/results_on_thresholds/output_dens_cpbd.png>
Package pdftex.def Info: Figures/BlurredImages/results_on_thresholds/output_den
s_cpbd.png  used on input line 573.
(pdftex.def)             Requested size: 165.59853pt x 124.19963pt.

[30 <./Figures/BlurredImages/results_on_thresholds/output_roc_hf.png> <./Figure
s/BlurredImages/results_on_thresholds/threshold_test_scores_hf.png> <./Figures/
BlurredImages/results_on_thresholds/output_dens_hf.png>]
Underfull \hbox (badness 10000) in paragraph at lines 582--583

 []

<Figures/BlurredImages/results_on_thresholds/output_roc_lv.png, id=557, 462.528
pt x 346.896pt>
File: Figures/BlurredImages/results_on_thresholds/output_roc_lv.png Graphic fil
e (type png)
<use Figures/BlurredImages/results_on_thresholds/output_roc_lv.png>
Package pdftex.def Info: Figures/BlurredImages/results_on_thresholds/output_roc
_lv.png  used on input line 587.
(pdftex.def)             Requested size: 165.59853pt x 124.19963pt.
<Figures/BlurredImages/results_on_thresholds/threshold_test_scores_lv.png, id=5
58, 462.528pt x 346.896pt>
File: Figures/BlurredImages/results_on_thresholds/threshold_test_scores_lv.png 
Graphic file (type png)
<use Figures/BlurredImages/results_on_thresholds/threshold_test_scores_lv.png>
Package pdftex.def Info: Figures/BlurredImages/results_on_thresholds/threshold_
test_scores_lv.png  used on input line 592.
(pdftex.def)             Requested size: 165.59853pt x 124.19963pt.
<Figures/BlurredImages/results_on_thresholds/output_dens_lv.png, id=559, 462.52
8pt x 346.896pt>
File: Figures/BlurredImages/results_on_thresholds/output_dens_lv.png Graphic fi
le (type png)
<use Figures/BlurredImages/results_on_thresholds/output_dens_lv.png>
Package pdftex.def Info: Figures/BlurredImages/results_on_thresholds/output_den
s_lv.png  used on input line 597.
(pdftex.def)             Requested size: 165.59853pt x 124.19963pt.
[31 <./Figures/BlurredImages/results_on_thresholds/output_roc_cpbd.png> <./Figu
res/BlurredImages/results_on_thresholds/threshold_test_scores_cpbd.png> <./Figu
res/BlurredImages/results_on_thresholds/output_dens_cpbd.png>]
<Figures/BlurredImages/lv/33.png, id=568, 600.2425pt x 600.2425pt>
File: Figures/BlurredImages/lv/33.png Graphic file (type png)
<use Figures/BlurredImages/lv/33.png>
Package pdftex.def Info: Figures/BlurredImages/lv/33.png  used on input line 61
1.
(pdftex.def)             Requested size: 207.0021pt x 207.00145pt.


LaTeX Warning: Reference `fig:LV_very_sharp' on page 32 undefined on input line
 612.


LaTeX Warning: Reference `fig:LV_very_sharp' on page 32 undefined on input line
 612.

<Figures/BlurredImages/lv/lv_very_sharp.png, id=569, 1152.305pt x 632.3625pt>
File: Figures/BlurredImages/lv/lv_very_sharp.png Graphic file (type png)
<use Figures/BlurredImages/lv/lv_very_sharp.png>
Package pdftex.def Info: Figures/BlurredImages/lv/lv_very_sharp.png  used on in
put line 616.
(pdftex.def)             Requested size: 207.0021pt x 113.5984pt.
<Figures/BlurredImages/lv/lv_normal.png, id=570, 1144.275pt x 626.34pt>
File: Figures/BlurredImages/lv/lv_normal.png Graphic file (type png)
<use Figures/BlurredImages/lv/lv_normal.png>
Package pdftex.def Info: Figures/BlurredImages/lv/lv_normal.png  used on input 
line 622.
(pdftex.def)             Requested size: 207.0021pt x 113.3002pt.

Underfull \hbox (badness 10000) in paragraph at lines 607--627

 []

[32 <./Figures/BlurredImages/results_on_thresholds/output_roc_lv.png> <./Figure
s/BlurredImages/results_on_thresholds/threshold_test_scores_lv.png> <./Figures/
BlurredImages/results_on_thresholds/output_dens_lv.png>]
Overfull \vbox (2.90005pt too high) has occurred while \output is active []


[33 <./Figures/BlurredImages/lv/33.png (PNG copy)> <./Figures/BlurredImages/lv/
lv_very_sharp.png> <./Figures/BlurredImages/lv/lv_normal.png>]
<Figures/BlurredImages/results_on_thresholds/output_roc_cpbd_lv.png, id=585, 46
2.528pt x 346.896pt>
File: Figures/BlurredImages/results_on_thresholds/output_roc_cpbd_lv.png Graphi
c file (type png)
<use Figures/BlurredImages/results_on_thresholds/output_roc_cpbd_lv.png>
Package pdftex.def Info: Figures/BlurredImages/results_on_thresholds/output_roc
_cpbd_lv.png  used on input line 641.
(pdftex.def)             Requested size: 165.59853pt x 124.19963pt.
<Figures/BlurredImages/results_on_thresholds/threshold_test_scores_cpbd_lv.png,
 id=586, 462.528pt x 346.896pt>
File: Figures/BlurredImages/results_on_thresholds/threshold_test_scores_cpbd_lv
.png Graphic file (type png)
<use Figures/BlurredImages/results_on_thresholds/threshold_test_scores_cpbd_lv.
png>
Package pdftex.def Info: Figures/BlurredImages/results_on_thresholds/threshold_
test_scores_cpbd_lv.png  used on input line 646.
(pdftex.def)             Requested size: 165.59853pt x 124.19963pt.
<Figures/BlurredImages/results_on_thresholds/output_dens_cpbd_lv.png, id=587, 4
62.528pt x 346.896pt>
File: Figures/BlurredImages/results_on_thresholds/output_dens_cpbd_lv.png Graph
ic file (type png)
<use Figures/BlurredImages/results_on_thresholds/output_dens_cpbd_lv.png>
Package pdftex.def Info: Figures/BlurredImages/results_on_thresholds/output_den
s_cpbd_lv.png  used on input line 651.
(pdftex.def)             Requested size: 165.59853pt x 124.19963pt.
<Figures/BlurredImages/results_on_thresholds/output_roc_cpbd_hf.png, id=588, 46
2.528pt x 346.896pt>
File: Figures/BlurredImages/results_on_thresholds/output_roc_cpbd_hf.png Graphi
c file (type png)
<use Figures/BlurredImages/results_on_thresholds/output_roc_cpbd_hf.png>
Package pdftex.def Info: Figures/BlurredImages/results_on_thresholds/output_roc
_cpbd_hf.png  used on input line 663.
(pdftex.def)             Requested size: 165.59853pt x 124.19963pt.
<Figures/BlurredImages/results_on_thresholds/threshold_test_scores_cpbd_hf.png,
 id=589, 462.528pt x 346.896pt>
File: Figures/BlurredImages/results_on_thresholds/threshold_test_scores_cpbd_hf
.png Graphic file (type png)
<use Figures/BlurredImages/results_on_thresholds/threshold_test_scores_cpbd_hf.
png>
Package pdftex.def Info: Figures/BlurredImages/results_on_thresholds/threshold_
test_scores_cpbd_hf.png  used on input line 668.
(pdftex.def)             Requested size: 165.59853pt x 124.19963pt.
<Figures/BlurredImages/results_on_thresholds/output_dens_cpbd_hf.png, id=590, 4
62.528pt x 346.896pt>
File: Figures/BlurredImages/results_on_thresholds/output_dens_cpbd_hf.png Graph
ic file (type png)
<use Figures/BlurredImages/results_on_thresholds/output_dens_cpbd_hf.png>
Package pdftex.def Info: Figures/BlurredImages/results_on_thresholds/output_den
s_cpbd_hf.png  used on input line 673.
(pdftex.def)             Requested size: 165.59853pt x 124.19963pt.
 [34 <./Figures/BlurredImages/results_on_thresholds/output_roc_cpbd_lv.png> <./
Figures/BlurredImages/results_on_thresholds/threshold_test_scores_cpbd_lv.png> 
<./Figures/BlurredImages/results_on_thresholds/output_dens_cpbd_lv.png>]
<Figures/BlurredImages/results_on_thresholds/output_roc_hf_lv.png, id=599, 462.
528pt x 346.896pt>
File: Figures/BlurredImages/results_on_thresholds/output_roc_hf_lv.png Graphic 
file (type png)
<use Figures/BlurredImages/results_on_thresholds/output_roc_hf_lv.png>
Package pdftex.def Info: Figures/BlurredImages/results_on_thresholds/output_roc
_hf_lv.png  used on input line 685.
(pdftex.def)             Requested size: 165.59853pt x 124.19963pt.
<Figures/BlurredImages/results_on_thresholds/threshold_test_scores_hf_lv.png, i
d=600, 462.528pt x 346.896pt>
File: Figures/BlurredImages/results_on_thresholds/threshold_test_scores_hf_lv.p
ng Graphic file (type png)
<use Figures/BlurredImages/results_on_thresholds/threshold_test_scores_hf_lv.pn
g>
Package pdftex.def Info: Figures/BlurredImages/results_on_thresholds/threshold_
test_scores_hf_lv.png  used on input line 690.
(pdftex.def)             Requested size: 165.59853pt x 124.19963pt.
<Figures/BlurredImages/results_on_thresholds/output_dens_hf_lv.png, id=601, 462
.528pt x 346.896pt>
File: Figures/BlurredImages/results_on_thresholds/output_dens_hf_lv.png Graphic
 file (type png)
<use Figures/BlurredImages/results_on_thresholds/output_dens_hf_lv.png>
Package pdftex.def Info: Figures/BlurredImages/results_on_thresholds/output_den
s_hf_lv.png  used on input line 695.
(pdftex.def)             Requested size: 165.59853pt x 124.19963pt.
 [35 <./Figures/BlurredImages/results_on_thresholds/output_roc_cpbd_hf.png> <./
Figures/BlurredImages/results_on_thresholds/threshold_test_scores_cpbd_hf.png> 
<./Figures/BlurredImages/results_on_thresholds/output_dens_cpbd_hf.png>]
<Figures/BlurredImages/results_on_thresholds/output_roc_cpbd_hf_lv.png, id=610,
 462.528pt x 346.896pt>
File: Figures/BlurredImages/results_on_thresholds/output_roc_cpbd_hf_lv.png Gra
phic file (type png)
<use Figures/BlurredImages/results_on_thresholds/output_roc_cpbd_hf_lv.png>
Package pdftex.def Info: Figures/BlurredImages/results_on_thresholds/output_roc
_cpbd_hf_lv.png  used on input line 707.
(pdftex.def)             Requested size: 165.59853pt x 124.19963pt.
<Figures/BlurredImages/results_on_thresholds/threshold_test_scores_cpbd_hf_lv.p
ng, id=611, 462.528pt x 346.896pt>
File: Figures/BlurredImages/results_on_thresholds/threshold_test_scores_cpbd_hf
_lv.png Graphic file (type png)
<use Figures/BlurredImages/results_on_thresholds/threshold_test_scores_cpbd_hf_
lv.png>
Package pdftex.def Info: Figures/BlurredImages/results_on_thresholds/threshold_
test_scores_cpbd_hf_lv.png  used on input line 712.
(pdftex.def)             Requested size: 165.59853pt x 124.19963pt.
<Figures/BlurredImages/results_on_thresholds/output_dens_cpbd_hf_lv.png, id=612
, 462.528pt x 346.896pt>
File: Figures/BlurredImages/results_on_thresholds/output_dens_cpbd_hf_lv.png Gr
aphic file (type png)
<use Figures/BlurredImages/results_on_thresholds/output_dens_cpbd_hf_lv.png>
Package pdftex.def Info: Figures/BlurredImages/results_on_thresholds/output_den
s_cpbd_hf_lv.png  used on input line 717.
(pdftex.def)             Requested size: 165.59853pt x 124.19963pt.
 [36 <./Figures/BlurredImages/results_on_thresholds/output_roc_hf_lv.png> <./Fi
gures/BlurredImages/results_on_thresholds/threshold_test_scores_hf_lv.png> <./F
igures/BlurredImages/results_on_thresholds/output_dens_hf_lv.png>] [37 <./Figur
es/BlurredImages/results_on_thresholds/output_roc_cpbd_hf_lv.png> <./Figures/Bl
urredImages/results_on_thresholds/threshold_test_scores_cpbd_hf_lv.png> <./Figu
res/BlurredImages/results_on_thresholds/output_dens_cpbd_hf_lv.png>]) (./Sectio
ns/Implementation.tex
Underfull \hbox (badness 10000) in paragraph at lines 2--4

 []

) (./Sections/Discussion.tex
Overfull \hbox (1.25066pt too wide) in paragraph at lines 5--1
[]\OT1/cmr/m/n/10 Implementing image-processing al-go-rithms in Jupyter and lat
er copy-ing them
 []

) [38]

Package biblatex Warning: Type 'online' not found on input line 39.


LaTeX Warning: Empty bibliography on input line 39.


Package biblatex Warning: Type 'book' not found on input line 40.


LaTeX Warning: Empty bibliography on input line 40.


Package biblatex Warning: Type 'article' not found on input line 41.


LaTeX Warning: Empty bibliography on input line 41.

[39] (./Other/plan.tex
\ganttx=\count458
\ganttheight=\count459
Missing character: There is no ; in font nullfont!
Missing character: There is no ; in font nullfont!
Missing character: There is no ; in font nullfont!
Missing character: There is no ; in font nullfont!
Missing character: There is no ; in font nullfont!
Missing character: There is no ; in font nullfont!
Missing character: There is no ; in font nullfont!
Missing character: There is no ; in font nullfont!
Missing character: There is no ; in font nullfont!
Missing character: There is no ; in font nullfont!
Missing character: There is no ; in font nullfont!
Missing character: There is no ; in font nullfont!
Missing character: There is no ; in font nullfont!
Missing character: There is no ; in font nullfont!
Missing character: There is no ; in font nullfont!
Missing character: There is no ; in font nullfont!
Missing character: There is no ; in font nullfont!
) (./Other/notes.tex
Overfull \hbox (116.16031pt too wide) in paragraph at lines 3--1
  []
 []


Underfull \hbox (badness 10000) in paragraph at lines 3--1

 []

[40]
Underfull \hbox (badness 10000) in paragraph at lines 26--30

 []

[41]
Underfull \hbox (badness 10000) in paragraph at lines 55--61

 []


Underfull \hbox (badness 10000) in paragraph at lines 63--67

 []


Underfull \hbox (badness 10000) in paragraph at lines 71--79

 []

[42]
Underfull \hbox (badness 10000) in paragraph at lines 80--83

 []


Underfull \hbox (badness 10000) in paragraph at lines 84--85

 []

[43] [44]) [45]
Package atveryend Info: Empty hook `BeforeClearDocument' on input line 47.
Package atveryend Info: Empty hook `AfterLastShipout' on input line 47.
 (./main.aux)
Package atveryend Info: Executing hook `AtVeryEndDocument' on input line 47.
Package atveryend Info: Executing hook `AtEndAfterFileList' on input line 47.
Package rerunfilecheck Info: File `main.out' has not changed.
(rerunfilecheck)             Checksum: 3A72F03D945BB1F070528595EA0EF156;2992.


LaTeX Warning: There were undefined references.


LaTeX Warning: There were multiply-defined labels.


Package biblatex Warning: Please (re)run Biber on the file:
(biblatex)                main
(biblatex)                and rerun LaTeX afterwards.

Package logreq Info: Writing requests to 'main.run.xml'.
\openout1 = `main.run.xml'.

 ) 
Here is how much of TeX's memory you used:
 28893 strings out of 481239
 592269 string characters out of 5920376
 1233422 words of memory out of 5000000
 43443 multiletter control sequences out of 15000+600000
 543620 words of font info for 65 fonts, out of 8000000 for 9000
 1141 hyphenation exceptions out of 8191
 68i,13n,96p,1011b,1344s stack positions out of 5000i,500n,10000p,200000b,80000s
{/usr/share/texmf/fonts/enc/dvips/cm-super/cm-super-ts1.enc}</usr/share/texli
ve/texmf-dist/fonts/type1/public/amsfonts/cm/cmbx10.pfb></usr/share/texlive/tex
mf-dist/fonts/type1/public/amsfonts/cm/cmbx12.pfb></usr/share/texlive/texmf-dis
t/fonts/type1/public/amsfonts/cm/cmbx8.pfb></usr/share/texlive/texmf-dist/fonts
/type1/public/amsfonts/cm/cmbx9.pfb></usr/share/texlive/texmf-dist/fonts/type1/
public/amsfonts/cm/cmbxti10.pfb></usr/share/texlive/texmf-dist/fonts/type1/publ
ic/amsfonts/cm/cmex10.pfb></usr/share/texlive/texmf-dist/fonts/type1/public/ams
fonts/cm/cmitt10.pfb></usr/share/texlive/texmf-dist/fonts/type1/public/amsfonts
/cm/cmmi10.pfb></usr/share/texlive/texmf-dist/fonts/type1/public/amsfonts/cm/cm
mi5.pfb></usr/share/texlive/texmf-dist/fonts/type1/public/amsfonts/cm/cmmi7.pfb
></usr/share/texlive/texmf-dist/fonts/type1/public/amsfonts/cm/cmmi9.pfb></usr/
share/texlive/texmf-dist/fonts/type1/public/amsfonts/cm/cmr10.pfb></usr/share/t
exlive/texmf-dist/fonts/type1/public/amsfonts/cm/cmr12.pfb></usr/share/texlive/
texmf-dist/fonts/type1/public/amsfonts/cm/cmr17.pfb></usr/share/texlive/texmf-d
ist/fonts/type1/public/amsfonts/cm/cmr6.pfb></usr/share/texlive/texmf-dist/font
s/type1/public/amsfonts/cm/cmr7.pfb></usr/share/texlive/texmf-dist/fonts/type1/
public/amsfonts/cm/cmr8.pfb></usr/share/texlive/texmf-dist/fonts/type1/public/a
msfonts/cm/cmr9.pfb></usr/share/texlive/texmf-dist/fonts/type1/public/amsfonts/
cm/cmsy10.pfb></usr/share/texlive/texmf-dist/fonts/type1/public/amsfonts/cm/cms
y7.pfb></usr/share/texlive/texmf-dist/fonts/type1/public/amsfonts/cm/cmti10.pfb
></usr/share/texlive/texmf-dist/fonts/type1/public/amsfonts/cm/cmti8.pfb></usr/
share/texlive/texmf-dist/fonts/type1/public/amsfonts/cm/cmtt10.pfb></usr/share/
texlive/texmf-dist/fonts/type1/public/amsfonts/cm/cmtt8.pfb></usr/share/texmf/f
onts/type1/public/cm-super/sfrm1000.pfb>
Output written on main.pdf (46 pages, 6357221 bytes).
PDF statistics:
 804 PDF objects out of 1000 (max. 8388607)
 607 compressed objects within 7 object streams
 165 named destinations out of 1000 (max. 500000)
 643 words of extra memory for PDF output out of 10000 (max. 10000000)

